[0.173s] DEBUG:colcon:Command line arguments: ['/bin/colcon', 'build']
[0.173s] DEBUG:colcon:Parsed command line arguments: Namespace(allow_overriding=[], ament_cmake_args=None, base_paths=['.'], build_base='build', catkin_cmake_args=None, catkin_skip_building_tests=False, cmake_args=None, cmake_clean_cache=False, cmake_clean_first=False, cmake_force_configure=False, cmake_target=None, cmake_target_skip_unavailable=False, continue_on_error=False, event_handlers=None, executor='parallel', ignore_user_meta=False, install_base='install', log_base=None, log_level=None, main=<bound method BuildVerb.main of <colcon_core.verb.build.BuildVerb object at 0x7f5cac1caac0>>, merge_install=False, metas=['./colcon.meta'], packages_above=None, packages_above_and_dependencies=None, packages_above_depth=None, packages_end=None, packages_ignore=None, packages_ignore_regex=None, packages_select=None, packages_select_build_failed=False, packages_select_by_dep=None, packages_select_regex=None, packages_select_test_failures=False, packages_skip=None, packages_skip_build_finished=False, packages_skip_by_dep=None, packages_skip_regex=None, packages_skip_test_passed=False, packages_skip_up_to=None, packages_start=None, packages_up_to=None, packages_up_to_regex=None, parallel_workers=24, paths=None, symlink_install=False, test_result_base=None, verb_extension=<colcon_core.verb.build.BuildVerb object at 0x7f5cac1caac0>, verb_name='build', verb_parser=<colcon_defaults.argument_parser.defaults.DefaultArgumentsDecorator object at 0x7f5cac1d3070>)
[0.204s] Level 1:colcon.colcon_core.package_discovery:discover_packages(colcon_meta) check parameters
[0.204s] Level 1:colcon.colcon_core.package_discovery:discover_packages(recursive) check parameters
[0.204s] Level 1:colcon.colcon_core.package_discovery:discover_packages(ignore) check parameters
[0.205s] Level 1:colcon.colcon_core.package_discovery:discover_packages(path) check parameters
[0.205s] Level 1:colcon.colcon_core.package_discovery:discover_packages(colcon_meta) discover
[0.205s] Level 1:colcon.colcon_core.package_discovery:discover_packages(recursive) discover
[0.205s] INFO:colcon.colcon_core.package_discovery:Crawling recursively for packages in '/home/gorka/FSB/FS-AI/src/1_perception/camara_cone_detection'
[0.205s] Level 1:colcon.colcon_core.package_identification:_identify(.) by extensions ['ignore', 'ignore_ament_install']
[0.205s] Level 1:colcon.colcon_core.package_identification:_identify(.) by extension 'ignore'
[0.205s] Level 1:colcon.colcon_core.package_identification:_identify(.) by extension 'ignore_ament_install'
[0.205s] Level 1:colcon.colcon_core.package_identification:_identify(.) by extensions ['colcon_pkg']
[0.205s] Level 1:colcon.colcon_core.package_identification:_identify(.) by extension 'colcon_pkg'
[0.205s] Level 1:colcon.colcon_core.package_identification:_identify(.) by extensions ['colcon_meta']
[0.205s] Level 1:colcon.colcon_core.package_identification:_identify(.) by extension 'colcon_meta'
[0.205s] Level 1:colcon.colcon_core.package_identification:_identify(.) by extensions ['ros']
[0.205s] Level 1:colcon.colcon_core.package_identification:_identify(.) by extension 'ros'
[0.239s] DEBUG:colcon.colcon_core.package_identification:Package '.' with type 'ros.ament_python' and name 'camara_cone_detection'
[0.240s] Level 1:colcon.colcon_core.package_discovery:discover_packages(recursive) using defaults
[0.240s] Level 1:colcon.colcon_core.package_discovery:discover_packages(ignore) discover
[0.240s] Level 1:colcon.colcon_core.package_discovery:discover_packages(ignore) using defaults
[0.240s] Level 1:colcon.colcon_core.package_discovery:discover_packages(path) discover
[0.240s] Level 1:colcon.colcon_core.package_discovery:discover_packages(path) using defaults
[0.264s] Level 1:colcon.colcon_core.package_discovery:discover_packages(prefix_path) check parameters
[0.264s] Level 1:colcon.colcon_core.package_discovery:discover_packages(prefix_path) discover
[0.267s] DEBUG:colcon.colcon_installed_package_information.package_discovery:Found 8 installed packages in /home/fsb/eufs_sim/install
[0.269s] DEBUG:colcon.colcon_installed_package_information.package_discovery:Found 291 installed packages in /opt/ros/galactic
[0.271s] Level 1:colcon.colcon_core.package_discovery:discover_packages(prefix_path) using defaults
[0.381s] Level 5:colcon.colcon_core.verb:set package 'camara_cone_detection' build argument 'cmake_args' from command line to 'None'
[0.381s] Level 5:colcon.colcon_core.verb:set package 'camara_cone_detection' build argument 'cmake_target' from command line to 'None'
[0.381s] Level 5:colcon.colcon_core.verb:set package 'camara_cone_detection' build argument 'cmake_target_skip_unavailable' from command line to 'False'
[0.381s] Level 5:colcon.colcon_core.verb:set package 'camara_cone_detection' build argument 'cmake_clean_cache' from command line to 'False'
[0.381s] Level 5:colcon.colcon_core.verb:set package 'camara_cone_detection' build argument 'cmake_clean_first' from command line to 'False'
[0.381s] Level 5:colcon.colcon_core.verb:set package 'camara_cone_detection' build argument 'cmake_force_configure' from command line to 'False'
[0.381s] Level 5:colcon.colcon_core.verb:set package 'camara_cone_detection' build argument 'ament_cmake_args' from command line to 'None'
[0.381s] Level 5:colcon.colcon_core.verb:set package 'camara_cone_detection' build argument 'catkin_cmake_args' from command line to 'None'
[0.381s] Level 5:colcon.colcon_core.verb:set package 'camara_cone_detection' build argument 'catkin_skip_building_tests' from command line to 'False'
[0.381s] DEBUG:colcon.colcon_core.verb:Building package 'camara_cone_detection' with the following arguments: {'ament_cmake_args': None, 'build_base': '/home/gorka/FSB/FS-AI/src/1_perception/camara_cone_detection/build/camara_cone_detection', 'catkin_cmake_args': None, 'catkin_skip_building_tests': False, 'cmake_args': None, 'cmake_clean_cache': False, 'cmake_clean_first': False, 'cmake_force_configure': False, 'cmake_target': None, 'cmake_target_skip_unavailable': False, 'install_base': '/home/gorka/FSB/FS-AI/src/1_perception/camara_cone_detection/install/camara_cone_detection', 'merge_install': False, 'path': '/home/gorka/FSB/FS-AI/src/1_perception/camara_cone_detection', 'symlink_install': False, 'test_result_base': None}
[0.382s] INFO:colcon.colcon_core.executor:Executing jobs using 'parallel' executor
[0.387s] DEBUG:colcon.colcon_parallel_executor.executor.parallel:run_until_complete
[0.387s] INFO:colcon.colcon_ros.task.ament_python.build:Building ROS package in '/home/gorka/FSB/FS-AI/src/1_perception/camara_cone_detection' with build type 'ament_python'
[0.388s] Level 1:colcon.colcon_core.shell:create_environment_hook('camara_cone_detection', 'ament_prefix_path')
[0.392s] INFO:colcon.colcon_core.plugin_system:Skipping extension 'colcon_core.shell.bat': Not used on non-Windows systems
[0.392s] INFO:colcon.colcon_core.shell:Creating environment hook '/home/gorka/FSB/FS-AI/src/1_perception/camara_cone_detection/install/camara_cone_detection/share/camara_cone_detection/hook/ament_prefix_path.ps1'
[0.393s] INFO:colcon.colcon_core.shell:Creating environment descriptor '/home/gorka/FSB/FS-AI/src/1_perception/camara_cone_detection/install/camara_cone_detection/share/camara_cone_detection/hook/ament_prefix_path.dsv'
[0.394s] INFO:colcon.colcon_core.shell:Creating environment hook '/home/gorka/FSB/FS-AI/src/1_perception/camara_cone_detection/install/camara_cone_detection/share/camara_cone_detection/hook/ament_prefix_path.sh'
[0.395s] INFO:colcon.colcon_core.shell:Skip shell extension 'powershell' for command environment: Not usable outside of PowerShell
[0.395s] DEBUG:colcon.colcon_core.shell:Skip shell extension 'dsv' for command environment
[0.625s] INFO:colcon.colcon_core.task.python.build:Building Python package in '/home/gorka/FSB/FS-AI/src/1_perception/camara_cone_detection'
[0.629s] INFO:colcon.colcon_core.shell:Skip shell extension 'powershell' for command environment: Not usable outside of PowerShell
[0.629s] DEBUG:colcon.colcon_core.shell:Skip shell extension 'dsv' for command environment
[1.061s] DEBUG:colcon.colcon_core.event_handler.log_command:Invoking command in '/home/gorka/FSB/FS-AI/src/1_perception/camara_cone_detection': PYTHONPATH=/home/gorka/FSB/FS-AI/src/1_perception/camara_cone_detection/build/camara_cone_detection/prefix_override:/home/gorka/FSB/FS-AI/src/1_perception/camara_cone_detection/install/camara_cone_detection/lib/python3.8/site-packages:${PYTHONPATH} /usr/bin/python3 setup.py egg_info --egg-base build/camara_cone_detection build --build-base /home/gorka/FSB/FS-AI/src/1_perception/camara_cone_detection/build/camara_cone_detection/build install --record /home/gorka/FSB/FS-AI/src/1_perception/camara_cone_detection/build/camara_cone_detection/install.log --single-version-externally-managed
[1.391s] DEBUG:colcon.colcon_core.event_handler.log_command:Invoked command in '/home/gorka/FSB/FS-AI/src/1_perception/camara_cone_detection' returned '0': PYTHONPATH=/home/gorka/FSB/FS-AI/src/1_perception/camara_cone_detection/build/camara_cone_detection/prefix_override:/home/gorka/FSB/FS-AI/src/1_perception/camara_cone_detection/install/camara_cone_detection/lib/python3.8/site-packages:${PYTHONPATH} /usr/bin/python3 setup.py egg_info --egg-base build/camara_cone_detection build --build-base /home/gorka/FSB/FS-AI/src/1_perception/camara_cone_detection/build/camara_cone_detection/build install --record /home/gorka/FSB/FS-AI/src/1_perception/camara_cone_detection/build/camara_cone_detection/install.log --single-version-externally-managed
[1.397s] Level 1:colcon.colcon_core.environment:checking '/home/gorka/FSB/FS-AI/src/1_perception/camara_cone_detection/install/camara_cone_detection' for CMake module files
[1.397s] Level 1:colcon.colcon_core.environment:checking '/home/gorka/FSB/FS-AI/src/1_perception/camara_cone_detection/install/camara_cone_detection' for CMake config files
[1.398s] Level 1:colcon.colcon_core.environment:checking '/home/gorka/FSB/FS-AI/src/1_perception/camara_cone_detection/install/camara_cone_detection/lib'
[1.398s] Level 1:colcon.colcon_core.environment:checking '/home/gorka/FSB/FS-AI/src/1_perception/camara_cone_detection/install/camara_cone_detection/bin'
[1.398s] Level 1:colcon.colcon_core.environment:checking '/home/gorka/FSB/FS-AI/src/1_perception/camara_cone_detection/install/camara_cone_detection/lib/pkgconfig/camara_cone_detection.pc'
[1.398s] Level 1:colcon.colcon_core.environment:checking '/home/gorka/FSB/FS-AI/src/1_perception/camara_cone_detection/install/camara_cone_detection/lib/python3.8/site-packages'
[1.398s] Level 1:colcon.colcon_core.shell:create_environment_hook('camara_cone_detection', 'pythonpath')
[1.399s] INFO:colcon.colcon_core.shell:Creating environment hook '/home/gorka/FSB/FS-AI/src/1_perception/camara_cone_detection/install/camara_cone_detection/share/camara_cone_detection/hook/pythonpath.ps1'
[1.400s] INFO:colcon.colcon_core.shell:Creating environment descriptor '/home/gorka/FSB/FS-AI/src/1_perception/camara_cone_detection/install/camara_cone_detection/share/camara_cone_detection/hook/pythonpath.dsv'
[1.400s] INFO:colcon.colcon_core.shell:Creating environment hook '/home/gorka/FSB/FS-AI/src/1_perception/camara_cone_detection/install/camara_cone_detection/share/camara_cone_detection/hook/pythonpath.sh'
[1.400s] Level 1:colcon.colcon_core.environment:checking '/home/gorka/FSB/FS-AI/src/1_perception/camara_cone_detection/install/camara_cone_detection/bin'
[1.400s] Level 1:colcon.colcon_core.environment:create_environment_scripts_only(camara_cone_detection)
[1.402s] INFO:colcon.colcon_core.shell:Creating package script '/home/gorka/FSB/FS-AI/src/1_perception/camara_cone_detection/install/camara_cone_detection/share/camara_cone_detection/package.ps1'
[1.404s] INFO:colcon.colcon_core.shell:Creating package descriptor '/home/gorka/FSB/FS-AI/src/1_perception/camara_cone_detection/install/camara_cone_detection/share/camara_cone_detection/package.dsv'
[1.404s] INFO:colcon.colcon_core.shell:Creating package script '/home/gorka/FSB/FS-AI/src/1_perception/camara_cone_detection/install/camara_cone_detection/share/camara_cone_detection/package.sh'
[1.405s] INFO:colcon.colcon_core.shell:Creating package script '/home/gorka/FSB/FS-AI/src/1_perception/camara_cone_detection/install/camara_cone_detection/share/camara_cone_detection/package.bash'
[1.406s] INFO:colcon.colcon_core.shell:Creating package script '/home/gorka/FSB/FS-AI/src/1_perception/camara_cone_detection/install/camara_cone_detection/share/camara_cone_detection/package.zsh'
[1.408s] Level 1:colcon.colcon_core.environment:create_file_with_runtime_dependencies(/home/gorka/FSB/FS-AI/src/1_perception/camara_cone_detection/install/camara_cone_detection/share/colcon-core/packages/camara_cone_detection)
[1.410s] DEBUG:colcon.colcon_parallel_executor.executor.parallel:closing loop
[1.410s] DEBUG:colcon.colcon_parallel_executor.executor.parallel:loop closed
[1.411s] DEBUG:colcon.colcon_parallel_executor.executor.parallel:run_until_complete finished with '0'
[1.411s] DEBUG:colcon.colcon_core.event_reactor:joining thread
[1.420s] INFO:colcon.colcon_core.plugin_system:Skipping extension 'colcon_notification.desktop_notification.terminal_notifier': Not used on non-Darwin systems
[1.420s] INFO:colcon.colcon_core.plugin_system:Skipping extension 'colcon_notification.desktop_notification.win32': Not used on non-Windows systems
[1.420s] INFO:colcon.colcon_notification.desktop_notification:Sending desktop notification using 'notify2'
[1.441s] DEBUG:colcon.colcon_core.event_reactor:joined thread
[1.444s] INFO:colcon.colcon_core.shell:Creating prefix script '/home/gorka/FSB/FS-AI/src/1_perception/camara_cone_detection/install/local_setup.ps1'
[1.445s] INFO:colcon.colcon_core.shell:Creating prefix util module '/home/gorka/FSB/FS-AI/src/1_perception/camara_cone_detection/install/_local_setup_util_ps1.py'
[1.447s] INFO:colcon.colcon_core.shell:Creating prefix chain script '/home/gorka/FSB/FS-AI/src/1_perception/camara_cone_detection/install/setup.ps1'
[1.450s] INFO:colcon.colcon_core.shell:Creating prefix script '/home/gorka/FSB/FS-AI/src/1_perception/camara_cone_detection/install/local_setup.sh'
[1.450s] INFO:colcon.colcon_core.shell:Creating prefix util module '/home/gorka/FSB/FS-AI/src/1_perception/camara_cone_detection/install/_local_setup_util_sh.py'
[1.451s] INFO:colcon.colcon_core.shell:Creating prefix chain script '/home/gorka/FSB/FS-AI/src/1_perception/camara_cone_detection/install/setup.sh'
[1.453s] INFO:colcon.colcon_core.shell:Creating prefix script '/home/gorka/FSB/FS-AI/src/1_perception/camara_cone_detection/install/local_setup.bash'
[1.453s] INFO:colcon.colcon_core.shell:Creating prefix chain script '/home/gorka/FSB/FS-AI/src/1_perception/camara_cone_detection/install/setup.bash'
[1.455s] INFO:colcon.colcon_core.shell:Creating prefix script '/home/gorka/FSB/FS-AI/src/1_perception/camara_cone_detection/install/local_setup.zsh'
[1.456s] INFO:colcon.colcon_core.shell:Creating prefix chain script '/home/gorka/FSB/FS-AI/src/1_perception/camara_cone_detection/install/setup.zsh'
