[0.665s] Invoking command in '/home/alan/FS-AI/src/3_slam/src/fastslam': PYTHONPATH=/home/alan/FS-AI/build/fastslam/prefix_override:/home/alan/FS-AI/install/fastslam/lib/python3.8/site-packages:${PYTHONPATH} /usr/bin/python3 setup.py egg_info --egg-base ../../../../build/fastslam build --build-base /home/alan/FS-AI/build/fastslam/build install --record /home/alan/FS-AI/build/fastslam/install.log --single-version-externally-managed
[0.870s] running egg_info
[0.870s] creating ../../../../build/fastslam/fastslam.egg-info
[0.871s] writing ../../../../build/fastslam/fastslam.egg-info/PKG-INFO
[0.871s] writing dependency_links to ../../../../build/fastslam/fastslam.egg-info/dependency_links.txt
[0.871s] writing entry points to ../../../../build/fastslam/fastslam.egg-info/entry_points.txt
[0.871s] writing requirements to ../../../../build/fastslam/fastslam.egg-info/requires.txt
[0.871s] writing top-level names to ../../../../build/fastslam/fastslam.egg-info/top_level.txt
[0.873s] writing manifest file '../../../../build/fastslam/fastslam.egg-info/SOURCES.txt'
[0.900s] reading manifest file '../../../../build/fastslam/fastslam.egg-info/SOURCES.txt'
[0.901s] writing manifest file '../../../../build/fastslam/fastslam.egg-info/SOURCES.txt'
[0.901s] running build
[0.901s] running build_py
[0.902s] creating /home/alan/FS-AI/build/fastslam/build
[0.902s] creating /home/alan/FS-AI/build/fastslam/build/lib
[0.902s] creating /home/alan/FS-AI/build/fastslam/build/lib/fastslam
[0.903s] copying fastslam/algorithm.py -> /home/alan/FS-AI/build/fastslam/build/lib/fastslam
[0.903s] copying fastslam/input.py -> /home/alan/FS-AI/build/fastslam/build/lib/fastslam
[0.903s] copying fastslam/fast_slam2.py -> /home/alan/FS-AI/build/fastslam/build/lib/fastslam
[0.903s] copying fastslam/output.py -> /home/alan/FS-AI/build/fastslam/build/lib/fastslam
[0.903s] copying fastslam/__init__.py -> /home/alan/FS-AI/build/fastslam/build/lib/fastslam
[0.904s] copying fastslam/draw.py -> /home/alan/FS-AI/build/fastslam/build/lib/fastslam
[0.904s] running install
[0.904s] running install_lib
[0.905s] creating /home/alan/FS-AI/install/fastslam/lib/python3.8/site-packages/fastslam
[0.905s] copying /home/alan/FS-AI/build/fastslam/build/lib/fastslam/algorithm.py -> /home/alan/FS-AI/install/fastslam/lib/python3.8/site-packages/fastslam
[0.905s] copying /home/alan/FS-AI/build/fastslam/build/lib/fastslam/input.py -> /home/alan/FS-AI/install/fastslam/lib/python3.8/site-packages/fastslam
[0.905s] copying /home/alan/FS-AI/build/fastslam/build/lib/fastslam/fast_slam2.py -> /home/alan/FS-AI/install/fastslam/lib/python3.8/site-packages/fastslam
[0.905s] copying /home/alan/FS-AI/build/fastslam/build/lib/fastslam/output.py -> /home/alan/FS-AI/install/fastslam/lib/python3.8/site-packages/fastslam
[0.906s] copying /home/alan/FS-AI/build/fastslam/build/lib/fastslam/__init__.py -> /home/alan/FS-AI/install/fastslam/lib/python3.8/site-packages/fastslam
[0.906s] copying /home/alan/FS-AI/build/fastslam/build/lib/fastslam/draw.py -> /home/alan/FS-AI/install/fastslam/lib/python3.8/site-packages/fastslam
[0.906s] byte-compiling /home/alan/FS-AI/install/fastslam/lib/python3.8/site-packages/fastslam/algorithm.py to algorithm.cpython-38.pyc
[0.908s] byte-compiling /home/alan/FS-AI/install/fastslam/lib/python3.8/site-packages/fastslam/input.py to input.cpython-38.pyc
[0.909s] byte-compiling /home/alan/FS-AI/install/fastslam/lib/python3.8/site-packages/fastslam/fast_slam2.py to fast_slam2.cpython-38.pyc
[0.909s] byte-compiling /home/alan/FS-AI/install/fastslam/lib/python3.8/site-packages/fastslam/output.py to output.cpython-38.pyc
[0.910s] byte-compiling /home/alan/FS-AI/install/fastslam/lib/python3.8/site-packages/fastslam/__init__.py to __init__.cpython-38.pyc
[0.910s] byte-compiling /home/alan/FS-AI/install/fastslam/lib/python3.8/site-packages/fastslam/draw.py to draw.cpython-38.pyc
[0.910s] running install_data
[0.910s] creating /home/alan/FS-AI/install/fastslam/share/ament_index
[0.911s] creating /home/alan/FS-AI/install/fastslam/share/ament_index/resource_index
[0.911s] creating /home/alan/FS-AI/install/fastslam/share/ament_index/resource_index/packages
[0.911s] copying resource/fastslam -> /home/alan/FS-AI/install/fastslam/share/ament_index/resource_index/packages
[0.911s] copying package.xml -> /home/alan/FS-AI/install/fastslam/share/fastslam
[0.911s] running install_egg_info
[0.912s] Copying ../../../../build/fastslam/fastslam.egg-info to /home/alan/FS-AI/install/fastslam/lib/python3.8/site-packages/fastslam-0.0.0-py3.8.egg-info
[0.913s] running install_scripts
[0.926s] writing list of installed files to '/home/alan/FS-AI/build/fastslam/install.log'
[0.959s] Invoked command in '/home/alan/FS-AI/src/3_slam/src/fastslam' returned '0': PYTHONPATH=/home/alan/FS-AI/build/fastslam/prefix_override:/home/alan/FS-AI/install/fastslam/lib/python3.8/site-packages:${PYTHONPATH} /usr/bin/python3 setup.py egg_info --egg-base ../../../../build/fastslam build --build-base /home/alan/FS-AI/build/fastslam/build install --record /home/alan/FS-AI/build/fastslam/install.log --single-version-externally-managed
