[0.124s] DEBUG:colcon:Command line arguments: ['/bin/colcon', 'build', '--packages-select', 'fastslam']
[0.125s] DEBUG:colcon:Parsed command line arguments: Namespace(allow_overriding=[], ament_cmake_args=None, base_paths=['.'], build_base='build', catkin_cmake_args=None, catkin_skip_building_tests=False, cmake_args=None, cmake_clean_cache=False, cmake_clean_first=False, cmake_force_configure=False, cmake_target=None, cmake_target_skip_unavailable=False, continue_on_error=False, event_handlers=None, executor='parallel', ignore_user_meta=False, install_base='install', log_base=None, log_level=None, main=<bound method BuildVerb.main of <colcon_core.verb.build.BuildVerb object at 0x7f02eb1561c0>>, merge_install=False, metas=['./colcon.meta'], packages_above=None, packages_above_and_dependencies=None, packages_above_depth=None, packages_end=None, packages_ignore=None, packages_ignore_regex=None, packages_select=['fastslam'], packages_select_build_failed=False, packages_select_by_dep=None, packages_select_regex=None, packages_select_test_failures=False, packages_skip=None, packages_skip_build_finished=False, packages_skip_by_dep=None, packages_skip_regex=None, packages_skip_test_passed=False, packages_skip_up_to=None, packages_start=None, packages_up_to=None, packages_up_to_regex=None, parallel_workers=24, paths=None, symlink_install=False, test_result_base=None, verb_extension=<colcon_core.verb.build.BuildVerb object at 0x7f02eb1561c0>, verb_name='build', verb_parser=<colcon_defaults.argument_parser.defaults.DefaultArgumentsDecorator object at 0x7f02eb156700>)
[0.145s] Level 1:colcon.colcon_core.package_discovery:discover_packages(colcon_meta) check parameters
[0.145s] Level 1:colcon.colcon_core.package_discovery:discover_packages(recursive) check parameters
[0.145s] Level 1:colcon.colcon_core.package_discovery:discover_packages(ignore) check parameters
[0.145s] Level 1:colcon.colcon_core.package_discovery:discover_packages(path) check parameters
[0.145s] Level 1:colcon.colcon_core.package_discovery:discover_packages(colcon_meta) discover
[0.145s] Level 1:colcon.colcon_core.package_discovery:discover_packages(recursive) discover
[0.145s] INFO:colcon.colcon_core.package_discovery:Crawling recursively for packages in '/home/alan/FS-AI'
[0.145s] Level 1:colcon.colcon_core.package_identification:_identify(.) by extensions ['ignore', 'ignore_ament_install']
[0.145s] Level 1:colcon.colcon_core.package_identification:_identify(.) by extension 'ignore'
[0.145s] Level 1:colcon.colcon_core.package_identification:_identify(.) by extension 'ignore_ament_install'
[0.145s] Level 1:colcon.colcon_core.package_identification:_identify(.) by extensions ['colcon_pkg']
[0.145s] Level 1:colcon.colcon_core.package_identification:_identify(.) by extension 'colcon_pkg'
[0.145s] Level 1:colcon.colcon_core.package_identification:_identify(.) by extensions ['colcon_meta']
[0.145s] Level 1:colcon.colcon_core.package_identification:_identify(.) by extension 'colcon_meta'
[0.146s] Level 1:colcon.colcon_core.package_identification:_identify(.) by extensions ['ros']
[0.146s] Level 1:colcon.colcon_core.package_identification:_identify(.) by extension 'ros'
[0.154s] Level 1:colcon.colcon_core.package_identification:_identify(.) by extensions ['cmake', 'python']
[0.154s] Level 1:colcon.colcon_core.package_identification:_identify(.) by extension 'cmake'
[0.154s] Level 1:colcon.colcon_core.package_identification:_identify(.) by extension 'python'
[0.154s] Level 1:colcon.colcon_core.package_identification:_identify(.) by extensions ['python_setup_py']
[0.154s] Level 1:colcon.colcon_core.package_identification:_identify(.) by extension 'python_setup_py'
[0.154s] Level 1:colcon.colcon_core.package_identification:_identify(build) by extensions ['ignore', 'ignore_ament_install']
[0.155s] Level 1:colcon.colcon_core.package_identification:_identify(build) by extension 'ignore'
[0.155s] Level 1:colcon.colcon_core.package_identification:_identify(build) ignored
[0.155s] Level 1:colcon.colcon_core.package_identification:_identify(install) by extensions ['ignore', 'ignore_ament_install']
[0.155s] Level 1:colcon.colcon_core.package_identification:_identify(install) by extension 'ignore'
[0.155s] Level 1:colcon.colcon_core.package_identification:_identify(install) ignored
[0.155s] Level 1:colcon.colcon_core.package_identification:_identify(log) by extensions ['ignore', 'ignore_ament_install']
[0.155s] Level 1:colcon.colcon_core.package_identification:_identify(log) by extension 'ignore'
[0.155s] Level 1:colcon.colcon_core.package_identification:_identify(log) ignored
[0.155s] Level 1:colcon.colcon_core.package_identification:_identify(src) by extensions ['ignore', 'ignore_ament_install']
[0.155s] Level 1:colcon.colcon_core.package_identification:_identify(src) by extension 'ignore'
[0.155s] Level 1:colcon.colcon_core.package_identification:_identify(src) by extension 'ignore_ament_install'
[0.155s] Level 1:colcon.colcon_core.package_identification:_identify(src) by extensions ['colcon_pkg']
[0.155s] Level 1:colcon.colcon_core.package_identification:_identify(src) by extension 'colcon_pkg'
[0.155s] Level 1:colcon.colcon_core.package_identification:_identify(src) by extensions ['colcon_meta']
[0.155s] Level 1:colcon.colcon_core.package_identification:_identify(src) by extension 'colcon_meta'
[0.155s] Level 1:colcon.colcon_core.package_identification:_identify(src) by extensions ['ros']
[0.155s] Level 1:colcon.colcon_core.package_identification:_identify(src) by extension 'ros'
[0.155s] Level 1:colcon.colcon_core.package_identification:_identify(src) by extensions ['cmake', 'python']
[0.155s] Level 1:colcon.colcon_core.package_identification:_identify(src) by extension 'cmake'
[0.155s] Level 1:colcon.colcon_core.package_identification:_identify(src) by extension 'python'
[0.155s] Level 1:colcon.colcon_core.package_identification:_identify(src) by extensions ['python_setup_py']
[0.155s] Level 1:colcon.colcon_core.package_identification:_identify(src) by extension 'python_setup_py'
[0.155s] Level 1:colcon.colcon_core.package_identification:_identify(src/0_fsb_common) by extensions ['ignore', 'ignore_ament_install']
[0.155s] Level 1:colcon.colcon_core.package_identification:_identify(src/0_fsb_common) by extension 'ignore'
[0.155s] Level 1:colcon.colcon_core.package_identification:_identify(src/0_fsb_common) by extension 'ignore_ament_install'
[0.156s] Level 1:colcon.colcon_core.package_identification:_identify(src/0_fsb_common) by extensions ['colcon_pkg']
[0.156s] Level 1:colcon.colcon_core.package_identification:_identify(src/0_fsb_common) by extension 'colcon_pkg'
[0.156s] Level 1:colcon.colcon_core.package_identification:_identify(src/0_fsb_common) by extensions ['colcon_meta']
[0.156s] Level 1:colcon.colcon_core.package_identification:_identify(src/0_fsb_common) by extension 'colcon_meta'
[0.156s] Level 1:colcon.colcon_core.package_identification:_identify(src/0_fsb_common) by extensions ['ros']
[0.156s] Level 1:colcon.colcon_core.package_identification:_identify(src/0_fsb_common) by extension 'ros'
[0.156s] Level 1:colcon.colcon_core.package_identification:_identify(src/0_fsb_common) by extensions ['cmake', 'python']
[0.156s] Level 1:colcon.colcon_core.package_identification:_identify(src/0_fsb_common) by extension 'cmake'
[0.156s] Level 1:colcon.colcon_core.package_identification:_identify(src/0_fsb_common) by extension 'python'
[0.156s] Level 1:colcon.colcon_core.package_identification:_identify(src/0_fsb_common) by extensions ['python_setup_py']
[0.156s] Level 1:colcon.colcon_core.package_identification:_identify(src/0_fsb_common) by extension 'python_setup_py'
[0.156s] Level 1:colcon.colcon_core.package_identification:_identify(src/0_fsb_common/fsb_common_meta) by extensions ['ignore', 'ignore_ament_install']
[0.156s] Level 1:colcon.colcon_core.package_identification:_identify(src/0_fsb_common/fsb_common_meta) by extension 'ignore'
[0.156s] Level 1:colcon.colcon_core.package_identification:_identify(src/0_fsb_common/fsb_common_meta) by extension 'ignore_ament_install'
[0.156s] Level 1:colcon.colcon_core.package_identification:_identify(src/0_fsb_common/fsb_common_meta) by extensions ['colcon_pkg']
[0.156s] Level 1:colcon.colcon_core.package_identification:_identify(src/0_fsb_common/fsb_common_meta) by extension 'colcon_pkg'
[0.156s] Level 1:colcon.colcon_core.package_identification:_identify(src/0_fsb_common/fsb_common_meta) by extensions ['colcon_meta']
[0.156s] Level 1:colcon.colcon_core.package_identification:_identify(src/0_fsb_common/fsb_common_meta) by extension 'colcon_meta'
[0.156s] Level 1:colcon.colcon_core.package_identification:_identify(src/0_fsb_common/fsb_common_meta) by extensions ['ros']
[0.156s] Level 1:colcon.colcon_core.package_identification:_identify(src/0_fsb_common/fsb_common_meta) by extension 'ros'
[0.156s] Level 1:colcon.colcon_core.package_identification:_identify(src/0_fsb_common/fsb_common_meta) by extensions ['cmake', 'python']
[0.156s] Level 1:colcon.colcon_core.package_identification:_identify(src/0_fsb_common/fsb_common_meta) by extension 'cmake'
[0.156s] Level 1:colcon.colcon_core.package_identification:_identify(src/0_fsb_common/fsb_common_meta) by extension 'python'
[0.156s] Level 1:colcon.colcon_core.package_identification:_identify(src/0_fsb_common/fsb_common_meta) by extensions ['python_setup_py']
[0.156s] Level 1:colcon.colcon_core.package_identification:_identify(src/0_fsb_common/fsb_common_meta) by extension 'python_setup_py'
[0.156s] Level 1:colcon.colcon_core.package_identification:_identify(src/0_fsb_common/fsb_common_meta/missions) by extensions ['ignore', 'ignore_ament_install']
[0.156s] Level 1:colcon.colcon_core.package_identification:_identify(src/0_fsb_common/fsb_common_meta/missions) by extension 'ignore'
[0.156s] Level 1:colcon.colcon_core.package_identification:_identify(src/0_fsb_common/fsb_common_meta/missions) by extension 'ignore_ament_install'
[0.156s] Level 1:colcon.colcon_core.package_identification:_identify(src/0_fsb_common/fsb_common_meta/missions) by extensions ['colcon_pkg']
[0.156s] Level 1:colcon.colcon_core.package_identification:_identify(src/0_fsb_common/fsb_common_meta/missions) by extension 'colcon_pkg'
[0.156s] Level 1:colcon.colcon_core.package_identification:_identify(src/0_fsb_common/fsb_common_meta/missions) by extensions ['colcon_meta']
[0.157s] Level 1:colcon.colcon_core.package_identification:_identify(src/0_fsb_common/fsb_common_meta/missions) by extension 'colcon_meta'
[0.157s] Level 1:colcon.colcon_core.package_identification:_identify(src/0_fsb_common/fsb_common_meta/missions) by extensions ['ros']
[0.157s] Level 1:colcon.colcon_core.package_identification:_identify(src/0_fsb_common/fsb_common_meta/missions) by extension 'ros'
[0.157s] Level 1:colcon.colcon_core.package_identification:_identify(src/0_fsb_common/fsb_common_meta/missions) by extensions ['cmake', 'python']
[0.157s] Level 1:colcon.colcon_core.package_identification:_identify(src/0_fsb_common/fsb_common_meta/missions) by extension 'cmake'
[0.157s] Level 1:colcon.colcon_core.package_identification:_identify(src/0_fsb_common/fsb_common_meta/missions) by extension 'python'
[0.157s] Level 1:colcon.colcon_core.package_identification:_identify(src/0_fsb_common/fsb_common_meta/missions) by extensions ['python_setup_py']
[0.157s] Level 1:colcon.colcon_core.package_identification:_identify(src/0_fsb_common/fsb_common_meta/missions) by extension 'python_setup_py'
[0.157s] Level 1:colcon.colcon_core.package_identification:_identify(src/0_fsb_common/fsb_common_meta/visualization) by extensions ['ignore', 'ignore_ament_install']
[0.157s] Level 1:colcon.colcon_core.package_identification:_identify(src/0_fsb_common/fsb_common_meta/visualization) by extension 'ignore'
[0.157s] Level 1:colcon.colcon_core.package_identification:_identify(src/0_fsb_common/fsb_common_meta/visualization) by extension 'ignore_ament_install'
[0.157s] Level 1:colcon.colcon_core.package_identification:_identify(src/0_fsb_common/fsb_common_meta/visualization) by extensions ['colcon_pkg']
[0.157s] Level 1:colcon.colcon_core.package_identification:_identify(src/0_fsb_common/fsb_common_meta/visualization) by extension 'colcon_pkg'
[0.157s] Level 1:colcon.colcon_core.package_identification:_identify(src/0_fsb_common/fsb_common_meta/visualization) by extensions ['colcon_meta']
[0.157s] Level 1:colcon.colcon_core.package_identification:_identify(src/0_fsb_common/fsb_common_meta/visualization) by extension 'colcon_meta'
[0.157s] Level 1:colcon.colcon_core.package_identification:_identify(src/0_fsb_common/fsb_common_meta/visualization) by extensions ['ros']
[0.157s] Level 1:colcon.colcon_core.package_identification:_identify(src/0_fsb_common/fsb_common_meta/visualization) by extension 'ros'
[0.157s] Level 1:colcon.colcon_core.package_identification:_identify(src/0_fsb_common/fsb_common_meta/visualization) by extensions ['cmake', 'python']
[0.157s] Level 1:colcon.colcon_core.package_identification:_identify(src/0_fsb_common/fsb_common_meta/visualization) by extension 'cmake'
[0.157s] Level 1:colcon.colcon_core.package_identification:_identify(src/0_fsb_common/fsb_common_meta/visualization) by extension 'python'
[0.157s] Level 1:colcon.colcon_core.package_identification:_identify(src/0_fsb_common/fsb_common_meta/visualization) by extensions ['python_setup_py']
[0.157s] Level 1:colcon.colcon_core.package_identification:_identify(src/0_fsb_common/fsb_common_meta/visualization) by extension 'python_setup_py'
[0.157s] Level 1:colcon.colcon_core.package_identification:_identify(src/0_fsb_common/fsb_common_meta/visualization/rviz) by extensions ['ignore', 'ignore_ament_install']
[0.157s] Level 1:colcon.colcon_core.package_identification:_identify(src/0_fsb_common/fsb_common_meta/visualization/rviz) by extension 'ignore'
[0.157s] Level 1:colcon.colcon_core.package_identification:_identify(src/0_fsb_common/fsb_common_meta/visualization/rviz) by extension 'ignore_ament_install'
[0.157s] Level 1:colcon.colcon_core.package_identification:_identify(src/0_fsb_common/fsb_common_meta/visualization/rviz) by extensions ['colcon_pkg']
[0.157s] Level 1:colcon.colcon_core.package_identification:_identify(src/0_fsb_common/fsb_common_meta/visualization/rviz) by extension 'colcon_pkg'
[0.157s] Level 1:colcon.colcon_core.package_identification:_identify(src/0_fsb_common/fsb_common_meta/visualization/rviz) by extensions ['colcon_meta']
[0.157s] Level 1:colcon.colcon_core.package_identification:_identify(src/0_fsb_common/fsb_common_meta/visualization/rviz) by extension 'colcon_meta'
[0.158s] Level 1:colcon.colcon_core.package_identification:_identify(src/0_fsb_common/fsb_common_meta/visualization/rviz) by extensions ['ros']
[0.158s] Level 1:colcon.colcon_core.package_identification:_identify(src/0_fsb_common/fsb_common_meta/visualization/rviz) by extension 'ros'
[0.158s] Level 1:colcon.colcon_core.package_identification:_identify(src/0_fsb_common/fsb_common_meta/visualization/rviz) by extensions ['cmake', 'python']
[0.158s] Level 1:colcon.colcon_core.package_identification:_identify(src/0_fsb_common/fsb_common_meta/visualization/rviz) by extension 'cmake'
[0.158s] Level 1:colcon.colcon_core.package_identification:_identify(src/0_fsb_common/fsb_common_meta/visualization/rviz) by extension 'python'
[0.158s] Level 1:colcon.colcon_core.package_identification:_identify(src/0_fsb_common/fsb_common_meta/visualization/rviz) by extensions ['python_setup_py']
[0.158s] Level 1:colcon.colcon_core.package_identification:_identify(src/0_fsb_common/fsb_common_meta/visualization/rviz) by extension 'python_setup_py'
[0.158s] Level 1:colcon.colcon_core.package_identification:_identify(src/0_fsb_common/fsb_common_msg) by extensions ['ignore', 'ignore_ament_install']
[0.158s] Level 1:colcon.colcon_core.package_identification:_identify(src/0_fsb_common/fsb_common_msg) by extension 'ignore'
[0.158s] Level 1:colcon.colcon_core.package_identification:_identify(src/0_fsb_common/fsb_common_msg) by extension 'ignore_ament_install'
[0.158s] Level 1:colcon.colcon_core.package_identification:_identify(src/0_fsb_common/fsb_common_msg) by extensions ['colcon_pkg']
[0.158s] Level 1:colcon.colcon_core.package_identification:_identify(src/0_fsb_common/fsb_common_msg) by extension 'colcon_pkg'
[0.158s] Level 1:colcon.colcon_core.package_identification:_identify(src/0_fsb_common/fsb_common_msg) by extensions ['colcon_meta']
[0.158s] Level 1:colcon.colcon_core.package_identification:_identify(src/0_fsb_common/fsb_common_msg) by extension 'colcon_meta'
[0.158s] Level 1:colcon.colcon_core.package_identification:_identify(src/0_fsb_common/fsb_common_msg) by extensions ['ros']
[0.158s] Level 1:colcon.colcon_core.package_identification:_identify(src/0_fsb_common/fsb_common_msg) by extension 'ros'
[0.170s] DEBUG:colcon.colcon_core.package_identification:Package 'src/0_fsb_common/fsb_common_msg' with type 'ros.catkin' and name 'fsd_common_msgs'
[0.171s] Level 1:colcon.colcon_core.package_identification:_identify(src/0_fsb_common/src) by extensions ['ignore', 'ignore_ament_install']
[0.171s] Level 1:colcon.colcon_core.package_identification:_identify(src/0_fsb_common/src) by extension 'ignore'
[0.171s] Level 1:colcon.colcon_core.package_identification:_identify(src/0_fsb_common/src) by extension 'ignore_ament_install'
[0.171s] Level 1:colcon.colcon_core.package_identification:_identify(src/0_fsb_common/src) by extensions ['colcon_pkg']
[0.171s] Level 1:colcon.colcon_core.package_identification:_identify(src/0_fsb_common/src) by extension 'colcon_pkg'
[0.171s] Level 1:colcon.colcon_core.package_identification:_identify(src/0_fsb_common/src) by extensions ['colcon_meta']
[0.171s] Level 1:colcon.colcon_core.package_identification:_identify(src/0_fsb_common/src) by extension 'colcon_meta'
[0.171s] Level 1:colcon.colcon_core.package_identification:_identify(src/0_fsb_common/src) by extensions ['ros']
[0.171s] Level 1:colcon.colcon_core.package_identification:_identify(src/0_fsb_common/src) by extension 'ros'
[0.171s] Level 1:colcon.colcon_core.package_identification:_identify(src/0_fsb_common/src) by extensions ['cmake', 'python']
[0.171s] Level 1:colcon.colcon_core.package_identification:_identify(src/0_fsb_common/src) by extension 'cmake'
[0.171s] Level 1:colcon.colcon_core.package_identification:_identify(src/0_fsb_common/src) by extension 'python'
[0.171s] Level 1:colcon.colcon_core.package_identification:_identify(src/0_fsb_common/src) by extensions ['python_setup_py']
[0.171s] Level 1:colcon.colcon_core.package_identification:_identify(src/0_fsb_common/src) by extension 'python_setup_py'
[0.171s] Level 1:colcon.colcon_core.package_identification:_identify(src/0_fsb_common/src/pointcloud_to_laserscan) by extensions ['ignore', 'ignore_ament_install']
[0.171s] Level 1:colcon.colcon_core.package_identification:_identify(src/0_fsb_common/src/pointcloud_to_laserscan) by extension 'ignore'
[0.171s] Level 1:colcon.colcon_core.package_identification:_identify(src/0_fsb_common/src/pointcloud_to_laserscan) by extension 'ignore_ament_install'
[0.171s] Level 1:colcon.colcon_core.package_identification:_identify(src/0_fsb_common/src/pointcloud_to_laserscan) by extensions ['colcon_pkg']
[0.171s] Level 1:colcon.colcon_core.package_identification:_identify(src/0_fsb_common/src/pointcloud_to_laserscan) by extension 'colcon_pkg'
[0.171s] Level 1:colcon.colcon_core.package_identification:_identify(src/0_fsb_common/src/pointcloud_to_laserscan) by extensions ['colcon_meta']
[0.171s] Level 1:colcon.colcon_core.package_identification:_identify(src/0_fsb_common/src/pointcloud_to_laserscan) by extension 'colcon_meta'
[0.171s] Level 1:colcon.colcon_core.package_identification:_identify(src/0_fsb_common/src/pointcloud_to_laserscan) by extensions ['ros']
[0.171s] Level 1:colcon.colcon_core.package_identification:_identify(src/0_fsb_common/src/pointcloud_to_laserscan) by extension 'ros'
[0.172s] DEBUG:colcon.colcon_core.package_identification:Package 'src/0_fsb_common/src/pointcloud_to_laserscan' with type 'ros.catkin' and name 'pointcloud_to_laserscan'
[0.173s] Level 1:colcon.colcon_core.package_identification:_identify(src/0_fsb_common/src/py) by extensions ['ignore', 'ignore_ament_install']
[0.173s] Level 1:colcon.colcon_core.package_identification:_identify(src/0_fsb_common/src/py) by extension 'ignore'
[0.173s] Level 1:colcon.colcon_core.package_identification:_identify(src/0_fsb_common/src/py) by extension 'ignore_ament_install'
[0.173s] Level 1:colcon.colcon_core.package_identification:_identify(src/0_fsb_common/src/py) by extensions ['colcon_pkg']
[0.173s] Level 1:colcon.colcon_core.package_identification:_identify(src/0_fsb_common/src/py) by extension 'colcon_pkg'
[0.173s] Level 1:colcon.colcon_core.package_identification:_identify(src/0_fsb_common/src/py) by extensions ['colcon_meta']
[0.173s] Level 1:colcon.colcon_core.package_identification:_identify(src/0_fsb_common/src/py) by extension 'colcon_meta'
[0.173s] Level 1:colcon.colcon_core.package_identification:_identify(src/0_fsb_common/src/py) by extensions ['ros']
[0.173s] Level 1:colcon.colcon_core.package_identification:_identify(src/0_fsb_common/src/py) by extension 'ros'
[0.173s] Level 1:colcon.colcon_core.package_identification:_identify(src/0_fsb_common/src/py) by extensions ['cmake', 'python']
[0.173s] Level 1:colcon.colcon_core.package_identification:_identify(src/0_fsb_common/src/py) by extension 'cmake'
[0.173s] Level 1:colcon.colcon_core.package_identification:_identify(src/0_fsb_common/src/py) by extension 'python'
[0.173s] Level 1:colcon.colcon_core.package_identification:_identify(src/0_fsb_common/src/py) by extensions ['python_setup_py']
[0.173s] Level 1:colcon.colcon_core.package_identification:_identify(src/0_fsb_common/src/py) by extension 'python_setup_py'
[0.173s] Level 1:colcon.colcon_core.package_identification:_identify(src/1_perception) by extensions ['ignore', 'ignore_ament_install']
[0.173s] Level 1:colcon.colcon_core.package_identification:_identify(src/1_perception) by extension 'ignore'
[0.173s] Level 1:colcon.colcon_core.package_identification:_identify(src/1_perception) by extension 'ignore_ament_install'
[0.173s] Level 1:colcon.colcon_core.package_identification:_identify(src/1_perception) by extensions ['colcon_pkg']
[0.173s] Level 1:colcon.colcon_core.package_identification:_identify(src/1_perception) by extension 'colcon_pkg'
[0.173s] Level 1:colcon.colcon_core.package_identification:_identify(src/1_perception) by extensions ['colcon_meta']
[0.173s] Level 1:colcon.colcon_core.package_identification:_identify(src/1_perception) by extension 'colcon_meta'
[0.173s] Level 1:colcon.colcon_core.package_identification:_identify(src/1_perception) by extensions ['ros']
[0.173s] Level 1:colcon.colcon_core.package_identification:_identify(src/1_perception) by extension 'ros'
[0.173s] Level 1:colcon.colcon_core.package_identification:_identify(src/1_perception) by extensions ['cmake', 'python']
[0.173s] Level 1:colcon.colcon_core.package_identification:_identify(src/1_perception) by extension 'cmake'
[0.173s] Level 1:colcon.colcon_core.package_identification:_identify(src/1_perception) by extension 'python'
[0.173s] Level 1:colcon.colcon_core.package_identification:_identify(src/1_perception) by extensions ['python_setup_py']
[0.174s] Level 1:colcon.colcon_core.package_identification:_identify(src/1_perception) by extension 'python_setup_py'
[0.174s] Level 1:colcon.colcon_core.package_identification:_identify(src/1_perception/camara_cone_detection) by extensions ['ignore', 'ignore_ament_install']
[0.174s] Level 1:colcon.colcon_core.package_identification:_identify(src/1_perception/camara_cone_detection) by extension 'ignore'
[0.174s] Level 1:colcon.colcon_core.package_identification:_identify(src/1_perception/camara_cone_detection) by extension 'ignore_ament_install'
[0.174s] Level 1:colcon.colcon_core.package_identification:_identify(src/1_perception/camara_cone_detection) by extensions ['colcon_pkg']
[0.174s] Level 1:colcon.colcon_core.package_identification:_identify(src/1_perception/camara_cone_detection) by extension 'colcon_pkg'
[0.174s] Level 1:colcon.colcon_core.package_identification:_identify(src/1_perception/camara_cone_detection) by extensions ['colcon_meta']
[0.174s] Level 1:colcon.colcon_core.package_identification:_identify(src/1_perception/camara_cone_detection) by extension 'colcon_meta'
[0.174s] Level 1:colcon.colcon_core.package_identification:_identify(src/1_perception/camara_cone_detection) by extensions ['ros']
[0.174s] Level 1:colcon.colcon_core.package_identification:_identify(src/1_perception/camara_cone_detection) by extension 'ros'
[0.174s] Level 1:colcon.colcon_core.package_identification:_identify(src/1_perception/camara_cone_detection) by extensions ['cmake', 'python']
[0.174s] Level 1:colcon.colcon_core.package_identification:_identify(src/1_perception/camara_cone_detection) by extension 'cmake'
[0.174s] Level 1:colcon.colcon_core.package_identification:_identify(src/1_perception/camara_cone_detection) by extension 'python'
[0.174s] Level 1:colcon.colcon_core.package_identification:_identify(src/1_perception/camara_cone_detection) by extensions ['python_setup_py']
[0.174s] Level 1:colcon.colcon_core.package_identification:_identify(src/1_perception/camara_cone_detection) by extension 'python_setup_py'
[0.174s] Level 1:colcon.colcon_core.package_identification:_identify(src/1_perception/camara_cone_detection/launch) by extensions ['ignore', 'ignore_ament_install']
[0.174s] Level 1:colcon.colcon_core.package_identification:_identify(src/1_perception/camara_cone_detection/launch) by extension 'ignore'
[0.174s] Level 1:colcon.colcon_core.package_identification:_identify(src/1_perception/camara_cone_detection/launch) by extension 'ignore_ament_install'
[0.174s] Level 1:colcon.colcon_core.package_identification:_identify(src/1_perception/camara_cone_detection/launch) by extensions ['colcon_pkg']
[0.174s] Level 1:colcon.colcon_core.package_identification:_identify(src/1_perception/camara_cone_detection/launch) by extension 'colcon_pkg'
[0.174s] Level 1:colcon.colcon_core.package_identification:_identify(src/1_perception/camara_cone_detection/launch) by extensions ['colcon_meta']
[0.174s] Level 1:colcon.colcon_core.package_identification:_identify(src/1_perception/camara_cone_detection/launch) by extension 'colcon_meta'
[0.174s] Level 1:colcon.colcon_core.package_identification:_identify(src/1_perception/camara_cone_detection/launch) by extensions ['ros']
[0.174s] Level 1:colcon.colcon_core.package_identification:_identify(src/1_perception/camara_cone_detection/launch) by extension 'ros'
[0.174s] Level 1:colcon.colcon_core.package_identification:_identify(src/1_perception/camara_cone_detection/launch) by extensions ['cmake', 'python']
[0.174s] Level 1:colcon.colcon_core.package_identification:_identify(src/1_perception/camara_cone_detection/launch) by extension 'cmake'
[0.174s] Level 1:colcon.colcon_core.package_identification:_identify(src/1_perception/camara_cone_detection/launch) by extension 'python'
[0.174s] Level 1:colcon.colcon_core.package_identification:_identify(src/1_perception/camara_cone_detection/launch) by extensions ['python_setup_py']
[0.174s] Level 1:colcon.colcon_core.package_identification:_identify(src/1_perception/camara_cone_detection/launch) by extension 'python_setup_py'
[0.175s] Level 1:colcon.colcon_core.package_identification:_identify(src/1_perception/camara_cone_detection/src) by extensions ['ignore', 'ignore_ament_install']
[0.175s] Level 1:colcon.colcon_core.package_identification:_identify(src/1_perception/camara_cone_detection/src) by extension 'ignore'
[0.175s] Level 1:colcon.colcon_core.package_identification:_identify(src/1_perception/camara_cone_detection/src) by extension 'ignore_ament_install'
[0.175s] Level 1:colcon.colcon_core.package_identification:_identify(src/1_perception/camara_cone_detection/src) by extensions ['colcon_pkg']
[0.175s] Level 1:colcon.colcon_core.package_identification:_identify(src/1_perception/camara_cone_detection/src) by extension 'colcon_pkg'
[0.175s] Level 1:colcon.colcon_core.package_identification:_identify(src/1_perception/camara_cone_detection/src) by extensions ['colcon_meta']
[0.175s] Level 1:colcon.colcon_core.package_identification:_identify(src/1_perception/camara_cone_detection/src) by extension 'colcon_meta'
[0.175s] Level 1:colcon.colcon_core.package_identification:_identify(src/1_perception/camara_cone_detection/src) by extensions ['ros']
[0.175s] Level 1:colcon.colcon_core.package_identification:_identify(src/1_perception/camara_cone_detection/src) by extension 'ros'
[0.175s] Level 1:colcon.colcon_core.package_identification:_identify(src/1_perception/camara_cone_detection/src) by extensions ['cmake', 'python']
[0.175s] Level 1:colcon.colcon_core.package_identification:_identify(src/1_perception/camara_cone_detection/src) by extension 'cmake'
[0.175s] Level 1:colcon.colcon_core.package_identification:_identify(src/1_perception/camara_cone_detection/src) by extension 'python'
[0.175s] Level 1:colcon.colcon_core.package_identification:_identify(src/1_perception/camara_cone_detection/src) by extensions ['python_setup_py']
[0.175s] Level 1:colcon.colcon_core.package_identification:_identify(src/1_perception/camara_cone_detection/src) by extension 'python_setup_py'
[0.175s] Level 1:colcon.colcon_core.package_identification:_identify(src/1_perception/fusion) by extensions ['ignore', 'ignore_ament_install']
[0.175s] Level 1:colcon.colcon_core.package_identification:_identify(src/1_perception/fusion) by extension 'ignore'
[0.175s] Level 1:colcon.colcon_core.package_identification:_identify(src/1_perception/fusion) by extension 'ignore_ament_install'
[0.175s] Level 1:colcon.colcon_core.package_identification:_identify(src/1_perception/fusion) by extensions ['colcon_pkg']
[0.175s] Level 1:colcon.colcon_core.package_identification:_identify(src/1_perception/fusion) by extension 'colcon_pkg'
[0.175s] Level 1:colcon.colcon_core.package_identification:_identify(src/1_perception/fusion) by extensions ['colcon_meta']
[0.175s] Level 1:colcon.colcon_core.package_identification:_identify(src/1_perception/fusion) by extension 'colcon_meta'
[0.175s] Level 1:colcon.colcon_core.package_identification:_identify(src/1_perception/fusion) by extensions ['ros']
[0.175s] Level 1:colcon.colcon_core.package_identification:_identify(src/1_perception/fusion) by extension 'ros'
[0.175s] Level 1:colcon.colcon_core.package_identification:_identify(src/1_perception/fusion) by extensions ['cmake', 'python']
[0.175s] Level 1:colcon.colcon_core.package_identification:_identify(src/1_perception/fusion) by extension 'cmake'
[0.175s] Level 1:colcon.colcon_core.package_identification:_identify(src/1_perception/fusion) by extension 'python'
[0.175s] Level 1:colcon.colcon_core.package_identification:_identify(src/1_perception/fusion) by extensions ['python_setup_py']
[0.175s] Level 1:colcon.colcon_core.package_identification:_identify(src/1_perception/fusion) by extension 'python_setup_py'
[0.176s] Level 1:colcon.colcon_core.package_identification:_identify(src/1_perception/lidar_cone_detection) by extensions ['ignore', 'ignore_ament_install']
[0.176s] Level 1:colcon.colcon_core.package_identification:_identify(src/1_perception/lidar_cone_detection) by extension 'ignore'
[0.176s] Level 1:colcon.colcon_core.package_identification:_identify(src/1_perception/lidar_cone_detection) by extension 'ignore_ament_install'
[0.176s] Level 1:colcon.colcon_core.package_identification:_identify(src/1_perception/lidar_cone_detection) by extensions ['colcon_pkg']
[0.176s] Level 1:colcon.colcon_core.package_identification:_identify(src/1_perception/lidar_cone_detection) by extension 'colcon_pkg'
[0.176s] Level 1:colcon.colcon_core.package_identification:_identify(src/1_perception/lidar_cone_detection) by extensions ['colcon_meta']
[0.176s] Level 1:colcon.colcon_core.package_identification:_identify(src/1_perception/lidar_cone_detection) by extension 'colcon_meta'
[0.176s] Level 1:colcon.colcon_core.package_identification:_identify(src/1_perception/lidar_cone_detection) by extensions ['ros']
[0.176s] Level 1:colcon.colcon_core.package_identification:_identify(src/1_perception/lidar_cone_detection) by extension 'ros'
[0.176s] Level 1:colcon.colcon_core.package_identification:_identify(src/1_perception/lidar_cone_detection) by extensions ['cmake', 'python']
[0.176s] Level 1:colcon.colcon_core.package_identification:_identify(src/1_perception/lidar_cone_detection) by extension 'cmake'
[0.176s] Level 1:colcon.colcon_core.package_identification:_identify(src/1_perception/lidar_cone_detection) by extension 'python'
[0.176s] Level 1:colcon.colcon_core.package_identification:_identify(src/1_perception/lidar_cone_detection) by extensions ['python_setup_py']
[0.176s] Level 1:colcon.colcon_core.package_identification:_identify(src/1_perception/lidar_cone_detection) by extension 'python_setup_py'
[0.176s] Level 1:colcon.colcon_core.package_identification:_identify(src/1_perception/perception_meta) by extensions ['ignore', 'ignore_ament_install']
[0.176s] Level 1:colcon.colcon_core.package_identification:_identify(src/1_perception/perception_meta) by extension 'ignore'
[0.176s] Level 1:colcon.colcon_core.package_identification:_identify(src/1_perception/perception_meta) by extension 'ignore_ament_install'
[0.176s] Level 1:colcon.colcon_core.package_identification:_identify(src/1_perception/perception_meta) by extensions ['colcon_pkg']
[0.176s] Level 1:colcon.colcon_core.package_identification:_identify(src/1_perception/perception_meta) by extension 'colcon_pkg'
[0.176s] Level 1:colcon.colcon_core.package_identification:_identify(src/1_perception/perception_meta) by extensions ['colcon_meta']
[0.176s] Level 1:colcon.colcon_core.package_identification:_identify(src/1_perception/perception_meta) by extension 'colcon_meta'
[0.176s] Level 1:colcon.colcon_core.package_identification:_identify(src/1_perception/perception_meta) by extensions ['ros']
[0.176s] Level 1:colcon.colcon_core.package_identification:_identify(src/1_perception/perception_meta) by extension 'ros'
[0.176s] Level 1:colcon.colcon_core.package_identification:_identify(src/1_perception/perception_meta) by extensions ['cmake', 'python']
[0.176s] Level 1:colcon.colcon_core.package_identification:_identify(src/1_perception/perception_meta) by extension 'cmake'
[0.176s] Level 1:colcon.colcon_core.package_identification:_identify(src/1_perception/perception_meta) by extension 'python'
[0.176s] Level 1:colcon.colcon_core.package_identification:_identify(src/1_perception/perception_meta) by extensions ['python_setup_py']
[0.176s] Level 1:colcon.colcon_core.package_identification:_identify(src/1_perception/perception_meta) by extension 'python_setup_py'
[0.176s] Level 1:colcon.colcon_core.package_identification:_identify(src/2_estimation) by extensions ['ignore', 'ignore_ament_install']
[0.177s] Level 1:colcon.colcon_core.package_identification:_identify(src/2_estimation) by extension 'ignore'
[0.177s] Level 1:colcon.colcon_core.package_identification:_identify(src/2_estimation) by extension 'ignore_ament_install'
[0.177s] Level 1:colcon.colcon_core.package_identification:_identify(src/2_estimation) by extensions ['colcon_pkg']
[0.177s] Level 1:colcon.colcon_core.package_identification:_identify(src/2_estimation) by extension 'colcon_pkg'
[0.177s] Level 1:colcon.colcon_core.package_identification:_identify(src/2_estimation) by extensions ['colcon_meta']
[0.177s] Level 1:colcon.colcon_core.package_identification:_identify(src/2_estimation) by extension 'colcon_meta'
[0.177s] Level 1:colcon.colcon_core.package_identification:_identify(src/2_estimation) by extensions ['ros']
[0.177s] Level 1:colcon.colcon_core.package_identification:_identify(src/2_estimation) by extension 'ros'
[0.177s] Level 1:colcon.colcon_core.package_identification:_identify(src/2_estimation) by extensions ['cmake', 'python']
[0.177s] Level 1:colcon.colcon_core.package_identification:_identify(src/2_estimation) by extension 'cmake'
[0.177s] Level 1:colcon.colcon_core.package_identification:_identify(src/2_estimation) by extension 'python'
[0.177s] Level 1:colcon.colcon_core.package_identification:_identify(src/2_estimation) by extensions ['python_setup_py']
[0.177s] Level 1:colcon.colcon_core.package_identification:_identify(src/2_estimation) by extension 'python_setup_py'
[0.177s] Level 1:colcon.colcon_core.package_identification:_identify(src/2_estimation/estimation_common) by extensions ['ignore', 'ignore_ament_install']
[0.177s] Level 1:colcon.colcon_core.package_identification:_identify(src/2_estimation/estimation_common) by extension 'ignore'
[0.177s] Level 1:colcon.colcon_core.package_identification:_identify(src/2_estimation/estimation_common) by extension 'ignore_ament_install'
[0.177s] Level 1:colcon.colcon_core.package_identification:_identify(src/2_estimation/estimation_common) by extensions ['colcon_pkg']
[0.177s] Level 1:colcon.colcon_core.package_identification:_identify(src/2_estimation/estimation_common) by extension 'colcon_pkg'
[0.177s] Level 1:colcon.colcon_core.package_identification:_identify(src/2_estimation/estimation_common) by extensions ['colcon_meta']
[0.177s] Level 1:colcon.colcon_core.package_identification:_identify(src/2_estimation/estimation_common) by extension 'colcon_meta'
[0.177s] Level 1:colcon.colcon_core.package_identification:_identify(src/2_estimation/estimation_common) by extensions ['ros']
[0.177s] Level 1:colcon.colcon_core.package_identification:_identify(src/2_estimation/estimation_common) by extension 'ros'
[0.177s] Level 1:colcon.colcon_core.package_identification:_identify(src/2_estimation/estimation_common) by extensions ['cmake', 'python']
[0.177s] Level 1:colcon.colcon_core.package_identification:_identify(src/2_estimation/estimation_common) by extension 'cmake'
[0.177s] Level 1:colcon.colcon_core.package_identification:_identify(src/2_estimation/estimation_common) by extension 'python'
[0.177s] Level 1:colcon.colcon_core.package_identification:_identify(src/2_estimation/estimation_common) by extensions ['python_setup_py']
[0.177s] Level 1:colcon.colcon_core.package_identification:_identify(src/2_estimation/estimation_common) by extension 'python_setup_py'
[0.177s] Level 1:colcon.colcon_core.package_identification:_identify(src/2_estimation/position_estimator) by extensions ['ignore', 'ignore_ament_install']
[0.177s] Level 1:colcon.colcon_core.package_identification:_identify(src/2_estimation/position_estimator) by extension 'ignore'
[0.177s] Level 1:colcon.colcon_core.package_identification:_identify(src/2_estimation/position_estimator) by extension 'ignore_ament_install'
[0.178s] Level 1:colcon.colcon_core.package_identification:_identify(src/2_estimation/position_estimator) by extensions ['colcon_pkg']
[0.178s] Level 1:colcon.colcon_core.package_identification:_identify(src/2_estimation/position_estimator) by extension 'colcon_pkg'
[0.178s] Level 1:colcon.colcon_core.package_identification:_identify(src/2_estimation/position_estimator) by extensions ['colcon_meta']
[0.178s] Level 1:colcon.colcon_core.package_identification:_identify(src/2_estimation/position_estimator) by extension 'colcon_meta'
[0.178s] Level 1:colcon.colcon_core.package_identification:_identify(src/2_estimation/position_estimator) by extensions ['ros']
[0.178s] Level 1:colcon.colcon_core.package_identification:_identify(src/2_estimation/position_estimator) by extension 'ros'
[0.178s] Level 1:colcon.colcon_core.package_identification:_identify(src/2_estimation/position_estimator) by extensions ['cmake', 'python']
[0.178s] Level 1:colcon.colcon_core.package_identification:_identify(src/2_estimation/position_estimator) by extension 'cmake'
[0.178s] Level 1:colcon.colcon_core.package_identification:_identify(src/2_estimation/position_estimator) by extension 'python'
[0.178s] Level 1:colcon.colcon_core.package_identification:_identify(src/2_estimation/position_estimator) by extensions ['python_setup_py']
[0.178s] Level 1:colcon.colcon_core.package_identification:_identify(src/2_estimation/position_estimator) by extension 'python_setup_py'
[0.178s] Level 1:colcon.colcon_core.package_identification:_identify(src/2_estimation/velocity_estimator) by extensions ['ignore', 'ignore_ament_install']
[0.178s] Level 1:colcon.colcon_core.package_identification:_identify(src/2_estimation/velocity_estimator) by extension 'ignore'
[0.178s] Level 1:colcon.colcon_core.package_identification:_identify(src/2_estimation/velocity_estimator) by extension 'ignore_ament_install'
[0.178s] Level 1:colcon.colcon_core.package_identification:_identify(src/2_estimation/velocity_estimator) by extensions ['colcon_pkg']
[0.178s] Level 1:colcon.colcon_core.package_identification:_identify(src/2_estimation/velocity_estimator) by extension 'colcon_pkg'
[0.178s] Level 1:colcon.colcon_core.package_identification:_identify(src/2_estimation/velocity_estimator) by extensions ['colcon_meta']
[0.178s] Level 1:colcon.colcon_core.package_identification:_identify(src/2_estimation/velocity_estimator) by extension 'colcon_meta'
[0.178s] Level 1:colcon.colcon_core.package_identification:_identify(src/2_estimation/velocity_estimator) by extensions ['ros']
[0.178s] Level 1:colcon.colcon_core.package_identification:_identify(src/2_estimation/velocity_estimator) by extension 'ros'
[0.178s] Level 1:colcon.colcon_core.package_identification:_identify(src/2_estimation/velocity_estimator) by extensions ['cmake', 'python']
[0.178s] Level 1:colcon.colcon_core.package_identification:_identify(src/2_estimation/velocity_estimator) by extension 'cmake'
[0.178s] Level 1:colcon.colcon_core.package_identification:_identify(src/2_estimation/velocity_estimator) by extension 'python'
[0.178s] Level 1:colcon.colcon_core.package_identification:_identify(src/2_estimation/velocity_estimator) by extensions ['python_setup_py']
[0.178s] Level 1:colcon.colcon_core.package_identification:_identify(src/2_estimation/velocity_estimator) by extension 'python_setup_py'
[0.178s] Level 1:colcon.colcon_core.package_identification:_identify(src/3_slam) by extensions ['ignore', 'ignore_ament_install']
[0.178s] Level 1:colcon.colcon_core.package_identification:_identify(src/3_slam) by extension 'ignore'
[0.178s] Level 1:colcon.colcon_core.package_identification:_identify(src/3_slam) by extension 'ignore_ament_install'
[0.178s] Level 1:colcon.colcon_core.package_identification:_identify(src/3_slam) by extensions ['colcon_pkg']
[0.179s] Level 1:colcon.colcon_core.package_identification:_identify(src/3_slam) by extension 'colcon_pkg'
[0.179s] Level 1:colcon.colcon_core.package_identification:_identify(src/3_slam) by extensions ['colcon_meta']
[0.179s] Level 1:colcon.colcon_core.package_identification:_identify(src/3_slam) by extension 'colcon_meta'
[0.179s] Level 1:colcon.colcon_core.package_identification:_identify(src/3_slam) by extensions ['ros']
[0.179s] Level 1:colcon.colcon_core.package_identification:_identify(src/3_slam) by extension 'ros'
[0.179s] Level 1:colcon.colcon_core.package_identification:_identify(src/3_slam) by extensions ['cmake', 'python']
[0.179s] Level 1:colcon.colcon_core.package_identification:_identify(src/3_slam) by extension 'cmake'
[0.179s] Level 1:colcon.colcon_core.package_identification:_identify(src/3_slam) by extension 'python'
[0.179s] Level 1:colcon.colcon_core.package_identification:_identify(src/3_slam) by extensions ['python_setup_py']
[0.179s] Level 1:colcon.colcon_core.package_identification:_identify(src/3_slam) by extension 'python_setup_py'
[0.179s] Level 1:colcon.colcon_core.package_identification:_identify(src/3_slam/src) by extensions ['ignore', 'ignore_ament_install']
[0.179s] Level 1:colcon.colcon_core.package_identification:_identify(src/3_slam/src) by extension 'ignore'
[0.179s] Level 1:colcon.colcon_core.package_identification:_identify(src/3_slam/src) by extension 'ignore_ament_install'
[0.179s] Level 1:colcon.colcon_core.package_identification:_identify(src/3_slam/src) by extensions ['colcon_pkg']
[0.179s] Level 1:colcon.colcon_core.package_identification:_identify(src/3_slam/src) by extension 'colcon_pkg'
[0.179s] Level 1:colcon.colcon_core.package_identification:_identify(src/3_slam/src) by extensions ['colcon_meta']
[0.179s] Level 1:colcon.colcon_core.package_identification:_identify(src/3_slam/src) by extension 'colcon_meta'
[0.179s] Level 1:colcon.colcon_core.package_identification:_identify(src/3_slam/src) by extensions ['ros']
[0.179s] Level 1:colcon.colcon_core.package_identification:_identify(src/3_slam/src) by extension 'ros'
[0.179s] Level 1:colcon.colcon_core.package_identification:_identify(src/3_slam/src) by extensions ['cmake', 'python']
[0.179s] Level 1:colcon.colcon_core.package_identification:_identify(src/3_slam/src) by extension 'cmake'
[0.179s] Level 1:colcon.colcon_core.package_identification:_identify(src/3_slam/src) by extension 'python'
[0.179s] Level 1:colcon.colcon_core.package_identification:_identify(src/3_slam/src) by extensions ['python_setup_py']
[0.179s] Level 1:colcon.colcon_core.package_identification:_identify(src/3_slam/src) by extension 'python_setup_py'
[0.179s] Level 1:colcon.colcon_core.package_identification:_identify(src/3_slam/src/fastslam) by extensions ['ignore', 'ignore_ament_install']
[0.179s] Level 1:colcon.colcon_core.package_identification:_identify(src/3_slam/src/fastslam) by extension 'ignore'
[0.179s] Level 1:colcon.colcon_core.package_identification:_identify(src/3_slam/src/fastslam) by extension 'ignore_ament_install'
[0.179s] Level 1:colcon.colcon_core.package_identification:_identify(src/3_slam/src/fastslam) by extensions ['colcon_pkg']
[0.179s] Level 1:colcon.colcon_core.package_identification:_identify(src/3_slam/src/fastslam) by extension 'colcon_pkg'
[0.179s] Level 1:colcon.colcon_core.package_identification:_identify(src/3_slam/src/fastslam) by extensions ['colcon_meta']
[0.180s] Level 1:colcon.colcon_core.package_identification:_identify(src/3_slam/src/fastslam) by extension 'colcon_meta'
[0.180s] Level 1:colcon.colcon_core.package_identification:_identify(src/3_slam/src/fastslam) by extensions ['ros']
[0.180s] Level 1:colcon.colcon_core.package_identification:_identify(src/3_slam/src/fastslam) by extension 'ros'
[0.180s] DEBUG:colcon.colcon_core.package_identification:Package 'src/3_slam/src/fastslam' with type 'ros.ament_python' and name 'fastslam'
[0.180s] Level 1:colcon.colcon_core.package_identification:_identify(src/4_planification) by extensions ['ignore', 'ignore_ament_install']
[0.180s] Level 1:colcon.colcon_core.package_identification:_identify(src/4_planification) by extension 'ignore'
[0.180s] Level 1:colcon.colcon_core.package_identification:_identify(src/4_planification) by extension 'ignore_ament_install'
[0.180s] Level 1:colcon.colcon_core.package_identification:_identify(src/4_planification) by extensions ['colcon_pkg']
[0.180s] Level 1:colcon.colcon_core.package_identification:_identify(src/4_planification) by extension 'colcon_pkg'
[0.180s] Level 1:colcon.colcon_core.package_identification:_identify(src/4_planification) by extensions ['colcon_meta']
[0.180s] Level 1:colcon.colcon_core.package_identification:_identify(src/4_planification) by extension 'colcon_meta'
[0.180s] Level 1:colcon.colcon_core.package_identification:_identify(src/4_planification) by extensions ['ros']
[0.180s] Level 1:colcon.colcon_core.package_identification:_identify(src/4_planification) by extension 'ros'
[0.180s] Level 1:colcon.colcon_core.package_identification:_identify(src/4_planification) by extensions ['cmake', 'python']
[0.180s] Level 1:colcon.colcon_core.package_identification:_identify(src/4_planification) by extension 'cmake'
[0.180s] Level 1:colcon.colcon_core.package_identification:_identify(src/4_planification) by extension 'python'
[0.180s] Level 1:colcon.colcon_core.package_identification:_identify(src/4_planification) by extensions ['python_setup_py']
[0.180s] Level 1:colcon.colcon_core.package_identification:_identify(src/4_planification) by extension 'python_setup_py'
[0.181s] Level 1:colcon.colcon_core.package_identification:_identify(src/4_planification/src) by extensions ['ignore', 'ignore_ament_install']
[0.181s] Level 1:colcon.colcon_core.package_identification:_identify(src/4_planification/src) by extension 'ignore'
[0.181s] Level 1:colcon.colcon_core.package_identification:_identify(src/4_planification/src) by extension 'ignore_ament_install'
[0.181s] Level 1:colcon.colcon_core.package_identification:_identify(src/4_planification/src) by extensions ['colcon_pkg']
[0.181s] Level 1:colcon.colcon_core.package_identification:_identify(src/4_planification/src) by extension 'colcon_pkg'
[0.181s] Level 1:colcon.colcon_core.package_identification:_identify(src/4_planification/src) by extensions ['colcon_meta']
[0.181s] Level 1:colcon.colcon_core.package_identification:_identify(src/4_planification/src) by extension 'colcon_meta'
[0.181s] Level 1:colcon.colcon_core.package_identification:_identify(src/4_planification/src) by extensions ['ros']
[0.181s] Level 1:colcon.colcon_core.package_identification:_identify(src/4_planification/src) by extension 'ros'
[0.181s] Level 1:colcon.colcon_core.package_identification:_identify(src/4_planification/src) by extensions ['cmake', 'python']
[0.181s] Level 1:colcon.colcon_core.package_identification:_identify(src/4_planification/src) by extension 'cmake'
[0.181s] Level 1:colcon.colcon_core.package_identification:_identify(src/4_planification/src) by extension 'python'
[0.181s] Level 1:colcon.colcon_core.package_identification:_identify(src/4_planification/src) by extensions ['python_setup_py']
[0.181s] Level 1:colcon.colcon_core.package_identification:_identify(src/4_planification/src) by extension 'python_setup_py'
[0.181s] Level 1:colcon.colcon_core.package_identification:_identify(src/5_control) by extensions ['ignore', 'ignore_ament_install']
[0.181s] Level 1:colcon.colcon_core.package_identification:_identify(src/5_control) by extension 'ignore'
[0.181s] Level 1:colcon.colcon_core.package_identification:_identify(src/5_control) by extension 'ignore_ament_install'
[0.181s] Level 1:colcon.colcon_core.package_identification:_identify(src/5_control) by extensions ['colcon_pkg']
[0.181s] Level 1:colcon.colcon_core.package_identification:_identify(src/5_control) by extension 'colcon_pkg'
[0.181s] Level 1:colcon.colcon_core.package_identification:_identify(src/5_control) by extensions ['colcon_meta']
[0.181s] Level 1:colcon.colcon_core.package_identification:_identify(src/5_control) by extension 'colcon_meta'
[0.181s] Level 1:colcon.colcon_core.package_identification:_identify(src/5_control) by extensions ['ros']
[0.181s] Level 1:colcon.colcon_core.package_identification:_identify(src/5_control) by extension 'ros'
[0.181s] Level 1:colcon.colcon_core.package_identification:_identify(src/5_control) by extensions ['cmake', 'python']
[0.181s] Level 1:colcon.colcon_core.package_identification:_identify(src/5_control) by extension 'cmake'
[0.181s] Level 1:colcon.colcon_core.package_identification:_identify(src/5_control) by extension 'python'
[0.181s] Level 1:colcon.colcon_core.package_identification:_identify(src/5_control) by extensions ['python_setup_py']
[0.181s] Level 1:colcon.colcon_core.package_identification:_identify(src/5_control) by extension 'python_setup_py'
[0.181s] Level 1:colcon.colcon_core.package_identification:_identify(src/slam) by extensions ['ignore', 'ignore_ament_install']
[0.182s] Level 1:colcon.colcon_core.package_identification:_identify(src/slam) by extension 'ignore'
[0.182s] Level 1:colcon.colcon_core.package_identification:_identify(src/slam) by extension 'ignore_ament_install'
[0.182s] Level 1:colcon.colcon_core.package_identification:_identify(src/slam) by extensions ['colcon_pkg']
[0.182s] Level 1:colcon.colcon_core.package_identification:_identify(src/slam) by extension 'colcon_pkg'
[0.182s] Level 1:colcon.colcon_core.package_identification:_identify(src/slam) by extensions ['colcon_meta']
[0.182s] Level 1:colcon.colcon_core.package_identification:_identify(src/slam) by extension 'colcon_meta'
[0.182s] Level 1:colcon.colcon_core.package_identification:_identify(src/slam) by extensions ['ros']
[0.182s] Level 1:colcon.colcon_core.package_identification:_identify(src/slam) by extension 'ros'
[0.182s] Level 1:colcon.colcon_core.package_identification:_identify(src/slam) by extensions ['cmake', 'python']
[0.182s] Level 1:colcon.colcon_core.package_identification:_identify(src/slam) by extension 'cmake'
[0.182s] Level 1:colcon.colcon_core.package_identification:_identify(src/slam) by extension 'python'
[0.182s] Level 1:colcon.colcon_core.package_identification:_identify(src/slam) by extensions ['python_setup_py']
[0.182s] Level 1:colcon.colcon_core.package_identification:_identify(src/slam) by extension 'python_setup_py'
[0.182s] Level 1:colcon.colcon_core.package_identification:_identify(src/slam/3_slam) by extensions ['ignore', 'ignore_ament_install']
[0.182s] Level 1:colcon.colcon_core.package_identification:_identify(src/slam/3_slam) by extension 'ignore'
[0.182s] Level 1:colcon.colcon_core.package_identification:_identify(src/slam/3_slam) by extension 'ignore_ament_install'
[0.182s] Level 1:colcon.colcon_core.package_identification:_identify(src/slam/3_slam) by extensions ['colcon_pkg']
[0.182s] Level 1:colcon.colcon_core.package_identification:_identify(src/slam/3_slam) by extension 'colcon_pkg'
[0.182s] Level 1:colcon.colcon_core.package_identification:_identify(src/slam/3_slam) by extensions ['colcon_meta']
[0.182s] Level 1:colcon.colcon_core.package_identification:_identify(src/slam/3_slam) by extension 'colcon_meta'
[0.182s] Level 1:colcon.colcon_core.package_identification:_identify(src/slam/3_slam) by extensions ['ros']
[0.182s] Level 1:colcon.colcon_core.package_identification:_identify(src/slam/3_slam) by extension 'ros'
[0.182s] Level 1:colcon.colcon_core.package_identification:_identify(src/slam/3_slam) by extensions ['cmake', 'python']
[0.182s] Level 1:colcon.colcon_core.package_identification:_identify(src/slam/3_slam) by extension 'cmake'
[0.182s] Level 1:colcon.colcon_core.package_identification:_identify(src/slam/3_slam) by extension 'python'
[0.182s] Level 1:colcon.colcon_core.package_identification:_identify(src/slam/3_slam) by extensions ['python_setup_py']
[0.182s] Level 1:colcon.colcon_core.package_identification:_identify(src/slam/3_slam) by extension 'python_setup_py'
[0.182s] Level 1:colcon.colcon_core.package_identification:_identify(src/slam/3_slam/src) by extensions ['ignore', 'ignore_ament_install']
[0.182s] Level 1:colcon.colcon_core.package_identification:_identify(src/slam/3_slam/src) by extension 'ignore'
[0.182s] Level 1:colcon.colcon_core.package_identification:_identify(src/slam/3_slam/src) by extension 'ignore_ament_install'
[0.183s] Level 1:colcon.colcon_core.package_identification:_identify(src/slam/3_slam/src) by extensions ['colcon_pkg']
[0.183s] Level 1:colcon.colcon_core.package_identification:_identify(src/slam/3_slam/src) by extension 'colcon_pkg'
[0.183s] Level 1:colcon.colcon_core.package_identification:_identify(src/slam/3_slam/src) by extensions ['colcon_meta']
[0.183s] Level 1:colcon.colcon_core.package_identification:_identify(src/slam/3_slam/src) by extension 'colcon_meta'
[0.183s] Level 1:colcon.colcon_core.package_identification:_identify(src/slam/3_slam/src) by extensions ['ros']
[0.183s] Level 1:colcon.colcon_core.package_identification:_identify(src/slam/3_slam/src) by extension 'ros'
[0.183s] Level 1:colcon.colcon_core.package_identification:_identify(src/slam/3_slam/src) by extensions ['cmake', 'python']
[0.183s] Level 1:colcon.colcon_core.package_identification:_identify(src/slam/3_slam/src) by extension 'cmake'
[0.183s] Level 1:colcon.colcon_core.package_identification:_identify(src/slam/3_slam/src) by extension 'python'
[0.183s] Level 1:colcon.colcon_core.package_identification:_identify(src/slam/3_slam/src) by extensions ['python_setup_py']
[0.183s] Level 1:colcon.colcon_core.package_identification:_identify(src/slam/3_slam/src) by extension 'python_setup_py'
[0.183s] Level 1:colcon.colcon_core.package_identification:_identify(src/slam/3_slam/src/fastSlam) by extensions ['ignore', 'ignore_ament_install']
[0.183s] Level 1:colcon.colcon_core.package_identification:_identify(src/slam/3_slam/src/fastSlam) by extension 'ignore'
[0.183s] Level 1:colcon.colcon_core.package_identification:_identify(src/slam/3_slam/src/fastSlam) by extension 'ignore_ament_install'
[0.183s] Level 1:colcon.colcon_core.package_identification:_identify(src/slam/3_slam/src/fastSlam) by extensions ['colcon_pkg']
[0.183s] Level 1:colcon.colcon_core.package_identification:_identify(src/slam/3_slam/src/fastSlam) by extension 'colcon_pkg'
[0.183s] Level 1:colcon.colcon_core.package_identification:_identify(src/slam/3_slam/src/fastSlam) by extensions ['colcon_meta']
[0.183s] Level 1:colcon.colcon_core.package_identification:_identify(src/slam/3_slam/src/fastSlam) by extension 'colcon_meta'
[0.183s] Level 1:colcon.colcon_core.package_identification:_identify(src/slam/3_slam/src/fastSlam) by extensions ['ros']
[0.183s] Level 1:colcon.colcon_core.package_identification:_identify(src/slam/3_slam/src/fastSlam) by extension 'ros'
[0.183s] Level 1:colcon.colcon_core.package_identification:_identify(src/slam/3_slam/src/fastSlam) by extensions ['cmake', 'python']
[0.183s] Level 1:colcon.colcon_core.package_identification:_identify(src/slam/3_slam/src/fastSlam) by extension 'cmake'
[0.183s] Level 1:colcon.colcon_core.package_identification:_identify(src/slam/3_slam/src/fastSlam) by extension 'python'
[0.183s] Level 1:colcon.colcon_core.package_identification:_identify(src/slam/3_slam/src/fastSlam) by extensions ['python_setup_py']
[0.183s] Level 1:colcon.colcon_core.package_identification:_identify(src/slam/3_slam/src/fastSlam) by extension 'python_setup_py'
[0.183s] Level 1:colcon.colcon_core.package_identification:_identify(src/slam/3_slam/src/fastSlam/__pycache__) by extensions ['ignore', 'ignore_ament_install']
[0.183s] Level 1:colcon.colcon_core.package_identification:_identify(src/slam/3_slam/src/fastSlam/__pycache__) by extension 'ignore'
[0.183s] Level 1:colcon.colcon_core.package_identification:_identify(src/slam/3_slam/src/fastSlam/__pycache__) by extension 'ignore_ament_install'
[0.184s] Level 1:colcon.colcon_core.package_identification:_identify(src/slam/3_slam/src/fastSlam/__pycache__) by extensions ['colcon_pkg']
[0.184s] Level 1:colcon.colcon_core.package_identification:_identify(src/slam/3_slam/src/fastSlam/__pycache__) by extension 'colcon_pkg'
[0.184s] Level 1:colcon.colcon_core.package_identification:_identify(src/slam/3_slam/src/fastSlam/__pycache__) by extensions ['colcon_meta']
[0.184s] Level 1:colcon.colcon_core.package_identification:_identify(src/slam/3_slam/src/fastSlam/__pycache__) by extension 'colcon_meta'
[0.184s] Level 1:colcon.colcon_core.package_identification:_identify(src/slam/3_slam/src/fastSlam/__pycache__) by extensions ['ros']
[0.184s] Level 1:colcon.colcon_core.package_identification:_identify(src/slam/3_slam/src/fastSlam/__pycache__) by extension 'ros'
[0.184s] Level 1:colcon.colcon_core.package_identification:_identify(src/slam/3_slam/src/fastSlam/__pycache__) by extensions ['cmake', 'python']
[0.184s] Level 1:colcon.colcon_core.package_identification:_identify(src/slam/3_slam/src/fastSlam/__pycache__) by extension 'cmake'
[0.184s] Level 1:colcon.colcon_core.package_identification:_identify(src/slam/3_slam/src/fastSlam/__pycache__) by extension 'python'
[0.184s] Level 1:colcon.colcon_core.package_identification:_identify(src/slam/3_slam/src/fastSlam/__pycache__) by extensions ['python_setup_py']
[0.184s] Level 1:colcon.colcon_core.package_identification:_identify(src/slam/3_slam/src/fastSlam/__pycache__) by extension 'python_setup_py'
[0.184s] Level 1:colcon.colcon_core.package_discovery:discover_packages(recursive) using defaults
[0.184s] Level 1:colcon.colcon_core.package_discovery:discover_packages(ignore) discover
[0.184s] Level 1:colcon.colcon_core.package_discovery:discover_packages(ignore) using defaults
[0.184s] Level 1:colcon.colcon_core.package_discovery:discover_packages(path) discover
[0.184s] Level 1:colcon.colcon_core.package_discovery:discover_packages(path) using defaults
[0.200s] INFO:colcon.colcon_core.package_selection:Skipping not selected package 'fsd_common_msgs' in 'src/0_fsb_common/fsb_common_msg'
[0.200s] INFO:colcon.colcon_core.package_selection:Skipping not selected package 'pointcloud_to_laserscan' in 'src/0_fsb_common/src/pointcloud_to_laserscan'
[0.201s] Level 1:colcon.colcon_core.package_discovery:discover_packages(prefix_path) check parameters
[0.201s] Level 1:colcon.colcon_core.package_discovery:discover_packages(prefix_path) discover
[0.204s] DEBUG:colcon.colcon_installed_package_information.package_discovery:Found 1 installed packages in /home/alan/FS-AI/install
[0.205s] DEBUG:colcon.colcon_installed_package_information.package_discovery:Found 8 installed packages in /home/fsb/eufs_sim/install
[0.206s] DEBUG:colcon.colcon_installed_package_information.package_discovery:Found 288 installed packages in /opt/ros/galactic
[0.207s] Level 1:colcon.colcon_core.package_discovery:discover_packages(prefix_path) using defaults
[0.274s] Level 5:colcon.colcon_core.verb:set package 'fastslam' build argument 'cmake_args' from command line to 'None'
[0.274s] Level 5:colcon.colcon_core.verb:set package 'fastslam' build argument 'cmake_target' from command line to 'None'
[0.274s] Level 5:colcon.colcon_core.verb:set package 'fastslam' build argument 'cmake_target_skip_unavailable' from command line to 'False'
[0.274s] Level 5:colcon.colcon_core.verb:set package 'fastslam' build argument 'cmake_clean_cache' from command line to 'False'
[0.274s] Level 5:colcon.colcon_core.verb:set package 'fastslam' build argument 'cmake_clean_first' from command line to 'False'
[0.274s] Level 5:colcon.colcon_core.verb:set package 'fastslam' build argument 'cmake_force_configure' from command line to 'False'
[0.274s] Level 5:colcon.colcon_core.verb:set package 'fastslam' build argument 'ament_cmake_args' from command line to 'None'
[0.274s] Level 5:colcon.colcon_core.verb:set package 'fastslam' build argument 'catkin_cmake_args' from command line to 'None'
[0.274s] Level 5:colcon.colcon_core.verb:set package 'fastslam' build argument 'catkin_skip_building_tests' from command line to 'False'
[0.274s] DEBUG:colcon.colcon_core.verb:Building package 'fastslam' with the following arguments: {'ament_cmake_args': None, 'build_base': '/home/alan/FS-AI/build/fastslam', 'catkin_cmake_args': None, 'catkin_skip_building_tests': False, 'cmake_args': None, 'cmake_clean_cache': False, 'cmake_clean_first': False, 'cmake_force_configure': False, 'cmake_target': None, 'cmake_target_skip_unavailable': False, 'install_base': '/home/alan/FS-AI/install/fastslam', 'merge_install': False, 'path': '/home/alan/FS-AI/src/3_slam/src/fastslam', 'symlink_install': False, 'test_result_base': None}
[0.275s] INFO:colcon.colcon_core.executor:Executing jobs using 'parallel' executor
[0.278s] DEBUG:colcon.colcon_parallel_executor.executor.parallel:run_until_complete
[0.279s] INFO:colcon.colcon_ros.task.ament_python.build:Building ROS package in '/home/alan/FS-AI/src/3_slam/src/fastslam' with build type 'ament_python'
[0.279s] Level 1:colcon.colcon_core.shell:create_environment_hook('fastslam', 'ament_prefix_path')
[0.282s] INFO:colcon.colcon_core.plugin_system:Skipping extension 'colcon_core.shell.bat': Not used on non-Windows systems
[0.283s] INFO:colcon.colcon_core.shell:Creating environment hook '/home/alan/FS-AI/install/fastslam/share/fastslam/hook/ament_prefix_path.ps1'
[0.283s] INFO:colcon.colcon_core.shell:Creating environment descriptor '/home/alan/FS-AI/install/fastslam/share/fastslam/hook/ament_prefix_path.dsv'
[0.283s] INFO:colcon.colcon_core.shell:Creating environment hook '/home/alan/FS-AI/install/fastslam/share/fastslam/hook/ament_prefix_path.sh'
[0.285s] INFO:colcon.colcon_core.shell:Skip shell extension 'powershell' for command environment: Not usable outside of PowerShell
[0.285s] DEBUG:colcon.colcon_core.shell:Skip shell extension 'dsv' for command environment
[0.616s] DEBUG:colcon.colcon_parallel_executor.executor.parallel:closing loop
[0.616s] DEBUG:colcon.colcon_parallel_executor.executor.parallel:loop closed
[0.616s] DEBUG:colcon.colcon_parallel_executor.executor.parallel:run_until_complete finished with 'Command '['/usr/bin/python3', '-c', "import sys;from setuptools.extern.packaging.specifiers import SpecifierSet;from distutils.core import run_setup;dist = run_setup(    'setup.py', script_args=('--dry-run',), stop_after='config');skip_keys = ('cmdclass', 'distclass', 'ext_modules', 'metadata');data = {    key: value for key, value in dist.__dict__.items()     if (        not key.startswith('_') and         not callable(value) and         key not in skip_keys and         key not in dist.display_option_names    )};data['metadata'] = {    k: v for k, v in dist.metadata.__dict__.items()     if k not in ('license_files', 'provides_extras')};sys.stdout.buffer.write(repr(data).encode('utf-8'))"]' returned non-zero exit status 1.'
[0.617s] DEBUG:colcon.colcon_core.event_reactor:joining thread
[0.630s] INFO:colcon.colcon_core.plugin_system:Skipping extension 'colcon_notification.desktop_notification.terminal_notifier': Not used on non-Darwin systems
[0.630s] INFO:colcon.colcon_core.plugin_system:Skipping extension 'colcon_notification.desktop_notification.win32': Not used on non-Windows systems
[0.630s] INFO:colcon.colcon_notification.desktop_notification:Sending desktop notification using 'notify2'
[0.664s] DEBUG:colcon.colcon_core.event_reactor:joined thread
[0.666s] INFO:colcon.colcon_core.shell:Creating prefix script '/home/alan/FS-AI/install/local_setup.ps1'
[0.668s] INFO:colcon.colcon_core.shell:Creating prefix util module '/home/alan/FS-AI/install/_local_setup_util_ps1.py'
[0.669s] INFO:colcon.colcon_core.shell:Creating prefix chain script '/home/alan/FS-AI/install/setup.ps1'
[0.672s] INFO:colcon.colcon_core.shell:Creating prefix script '/home/alan/FS-AI/install/local_setup.sh'
[0.673s] INFO:colcon.colcon_core.shell:Creating prefix util module '/home/alan/FS-AI/install/_local_setup_util_sh.py'
[0.673s] INFO:colcon.colcon_core.shell:Creating prefix chain script '/home/alan/FS-AI/install/setup.sh'
[0.675s] INFO:colcon.colcon_core.shell:Creating prefix script '/home/alan/FS-AI/install/local_setup.bash'
[0.676s] INFO:colcon.colcon_core.shell:Creating prefix chain script '/home/alan/FS-AI/install/setup.bash'
[0.677s] INFO:colcon.colcon_core.shell:Creating prefix script '/home/alan/FS-AI/install/local_setup.zsh'
[0.678s] INFO:colcon.colcon_core.shell:Creating prefix chain script '/home/alan/FS-AI/install/setup.zsh'
