[0.126s] DEBUG:colcon:Command line arguments: ['/bin/colcon', 'build', '--packages-select', 'fastslam']
[0.126s] DEBUG:colcon:Parsed command line arguments: Namespace(allow_overriding=[], ament_cmake_args=None, base_paths=['.'], build_base='build', catkin_cmake_args=None, catkin_skip_building_tests=False, cmake_args=None, cmake_clean_cache=False, cmake_clean_first=False, cmake_force_configure=False, cmake_target=None, cmake_target_skip_unavailable=False, continue_on_error=False, event_handlers=None, executor='parallel', ignore_user_meta=False, install_base='install', log_base=None, log_level=None, main=<bound method BuildVerb.main of <colcon_core.verb.build.BuildVerb object at 0x7f21480323a0>>, merge_install=False, metas=['./colcon.meta'], packages_above=None, packages_above_and_dependencies=None, packages_above_depth=None, packages_end=None, packages_ignore=None, packages_ignore_regex=None, packages_select=['fastslam'], packages_select_build_failed=False, packages_select_by_dep=None, packages_select_regex=None, packages_select_test_failures=False, packages_skip=None, packages_skip_build_finished=False, packages_skip_by_dep=None, packages_skip_regex=None, packages_skip_test_passed=False, packages_skip_up_to=None, packages_start=None, packages_up_to=None, packages_up_to_regex=None, parallel_workers=24, paths=None, symlink_install=False, test_result_base=None, verb_extension=<colcon_core.verb.build.BuildVerb object at 0x7f21480323a0>, verb_name='build', verb_parser=<colcon_defaults.argument_parser.defaults.DefaultArgumentsDecorator object at 0x7f21480328e0>)
[0.146s] Level 1:colcon.colcon_core.package_discovery:discover_packages(colcon_meta) check parameters
[0.146s] Level 1:colcon.colcon_core.package_discovery:discover_packages(recursive) check parameters
[0.146s] Level 1:colcon.colcon_core.package_discovery:discover_packages(ignore) check parameters
[0.146s] Level 1:colcon.colcon_core.package_discovery:discover_packages(path) check parameters
[0.146s] Level 1:colcon.colcon_core.package_discovery:discover_packages(colcon_meta) discover
[0.146s] Level 1:colcon.colcon_core.package_discovery:discover_packages(recursive) discover
[0.146s] INFO:colcon.colcon_core.package_discovery:Crawling recursively for packages in '/home/alan/FS-AI'
[0.147s] Level 1:colcon.colcon_core.package_identification:_identify(.) by extensions ['ignore', 'ignore_ament_install']
[0.147s] Level 1:colcon.colcon_core.package_identification:_identify(.) by extension 'ignore'
[0.147s] Level 1:colcon.colcon_core.package_identification:_identify(.) by extension 'ignore_ament_install'
[0.147s] Level 1:colcon.colcon_core.package_identification:_identify(.) by extensions ['colcon_pkg']
[0.147s] Level 1:colcon.colcon_core.package_identification:_identify(.) by extension 'colcon_pkg'
[0.147s] Level 1:colcon.colcon_core.package_identification:_identify(.) by extensions ['colcon_meta']
[0.147s] Level 1:colcon.colcon_core.package_identification:_identify(.) by extension 'colcon_meta'
[0.147s] Level 1:colcon.colcon_core.package_identification:_identify(.) by extensions ['ros']
[0.147s] Level 1:colcon.colcon_core.package_identification:_identify(.) by extension 'ros'
[0.156s] Level 1:colcon.colcon_core.package_identification:_identify(.) by extensions ['cmake', 'python']
[0.156s] Level 1:colcon.colcon_core.package_identification:_identify(.) by extension 'cmake'
[0.156s] Level 1:colcon.colcon_core.package_identification:_identify(.) by extension 'python'
[0.156s] Level 1:colcon.colcon_core.package_identification:_identify(.) by extensions ['python_setup_py']
[0.156s] Level 1:colcon.colcon_core.package_identification:_identify(.) by extension 'python_setup_py'
[0.156s] Level 1:colcon.colcon_core.package_identification:_identify(build) by extensions ['ignore', 'ignore_ament_install']
[0.156s] Level 1:colcon.colcon_core.package_identification:_identify(build) by extension 'ignore'
[0.156s] Level 1:colcon.colcon_core.package_identification:_identify(build) ignored
[0.156s] Level 1:colcon.colcon_core.package_identification:_identify(install) by extensions ['ignore', 'ignore_ament_install']
[0.156s] Level 1:colcon.colcon_core.package_identification:_identify(install) by extension 'ignore'
[0.156s] Level 1:colcon.colcon_core.package_identification:_identify(install) ignored
[0.156s] Level 1:colcon.colcon_core.package_identification:_identify(log) by extensions ['ignore', 'ignore_ament_install']
[0.156s] Level 1:colcon.colcon_core.package_identification:_identify(log) by extension 'ignore'
[0.156s] Level 1:colcon.colcon_core.package_identification:_identify(log) ignored
[0.156s] Level 1:colcon.colcon_core.package_identification:_identify(src) by extensions ['ignore', 'ignore_ament_install']
[0.156s] Level 1:colcon.colcon_core.package_identification:_identify(src) by extension 'ignore'
[0.156s] Level 1:colcon.colcon_core.package_identification:_identify(src) by extension 'ignore_ament_install'
[0.156s] Level 1:colcon.colcon_core.package_identification:_identify(src) by extensions ['colcon_pkg']
[0.156s] Level 1:colcon.colcon_core.package_identification:_identify(src) by extension 'colcon_pkg'
[0.156s] Level 1:colcon.colcon_core.package_identification:_identify(src) by extensions ['colcon_meta']
[0.156s] Level 1:colcon.colcon_core.package_identification:_identify(src) by extension 'colcon_meta'
[0.157s] Level 1:colcon.colcon_core.package_identification:_identify(src) by extensions ['ros']
[0.157s] Level 1:colcon.colcon_core.package_identification:_identify(src) by extension 'ros'
[0.157s] Level 1:colcon.colcon_core.package_identification:_identify(src) by extensions ['cmake', 'python']
[0.157s] Level 1:colcon.colcon_core.package_identification:_identify(src) by extension 'cmake'
[0.157s] Level 1:colcon.colcon_core.package_identification:_identify(src) by extension 'python'
[0.157s] Level 1:colcon.colcon_core.package_identification:_identify(src) by extensions ['python_setup_py']
[0.157s] Level 1:colcon.colcon_core.package_identification:_identify(src) by extension 'python_setup_py'
[0.157s] Level 1:colcon.colcon_core.package_identification:_identify(src/0_fsb_common) by extensions ['ignore', 'ignore_ament_install']
[0.157s] Level 1:colcon.colcon_core.package_identification:_identify(src/0_fsb_common) by extension 'ignore'
[0.157s] Level 1:colcon.colcon_core.package_identification:_identify(src/0_fsb_common) by extension 'ignore_ament_install'
[0.157s] Level 1:colcon.colcon_core.package_identification:_identify(src/0_fsb_common) by extensions ['colcon_pkg']
[0.157s] Level 1:colcon.colcon_core.package_identification:_identify(src/0_fsb_common) by extension 'colcon_pkg'
[0.157s] Level 1:colcon.colcon_core.package_identification:_identify(src/0_fsb_common) by extensions ['colcon_meta']
[0.157s] Level 1:colcon.colcon_core.package_identification:_identify(src/0_fsb_common) by extension 'colcon_meta'
[0.157s] Level 1:colcon.colcon_core.package_identification:_identify(src/0_fsb_common) by extensions ['ros']
[0.157s] Level 1:colcon.colcon_core.package_identification:_identify(src/0_fsb_common) by extension 'ros'
[0.157s] Level 1:colcon.colcon_core.package_identification:_identify(src/0_fsb_common) by extensions ['cmake', 'python']
[0.157s] Level 1:colcon.colcon_core.package_identification:_identify(src/0_fsb_common) by extension 'cmake'
[0.157s] Level 1:colcon.colcon_core.package_identification:_identify(src/0_fsb_common) by extension 'python'
[0.157s] Level 1:colcon.colcon_core.package_identification:_identify(src/0_fsb_common) by extensions ['python_setup_py']
[0.157s] Level 1:colcon.colcon_core.package_identification:_identify(src/0_fsb_common) by extension 'python_setup_py'
[0.157s] Level 1:colcon.colcon_core.package_identification:_identify(src/0_fsb_common/fsb_common_meta) by extensions ['ignore', 'ignore_ament_install']
[0.157s] Level 1:colcon.colcon_core.package_identification:_identify(src/0_fsb_common/fsb_common_meta) by extension 'ignore'
[0.157s] Level 1:colcon.colcon_core.package_identification:_identify(src/0_fsb_common/fsb_common_meta) by extension 'ignore_ament_install'
[0.157s] Level 1:colcon.colcon_core.package_identification:_identify(src/0_fsb_common/fsb_common_meta) by extensions ['colcon_pkg']
[0.157s] Level 1:colcon.colcon_core.package_identification:_identify(src/0_fsb_common/fsb_common_meta) by extension 'colcon_pkg'
[0.157s] Level 1:colcon.colcon_core.package_identification:_identify(src/0_fsb_common/fsb_common_meta) by extensions ['colcon_meta']
[0.157s] Level 1:colcon.colcon_core.package_identification:_identify(src/0_fsb_common/fsb_common_meta) by extension 'colcon_meta'
[0.157s] Level 1:colcon.colcon_core.package_identification:_identify(src/0_fsb_common/fsb_common_meta) by extensions ['ros']
[0.157s] Level 1:colcon.colcon_core.package_identification:_identify(src/0_fsb_common/fsb_common_meta) by extension 'ros'
[0.158s] Level 1:colcon.colcon_core.package_identification:_identify(src/0_fsb_common/fsb_common_meta) by extensions ['cmake', 'python']
[0.158s] Level 1:colcon.colcon_core.package_identification:_identify(src/0_fsb_common/fsb_common_meta) by extension 'cmake'
[0.158s] Level 1:colcon.colcon_core.package_identification:_identify(src/0_fsb_common/fsb_common_meta) by extension 'python'
[0.158s] Level 1:colcon.colcon_core.package_identification:_identify(src/0_fsb_common/fsb_common_meta) by extensions ['python_setup_py']
[0.158s] Level 1:colcon.colcon_core.package_identification:_identify(src/0_fsb_common/fsb_common_meta) by extension 'python_setup_py'
[0.158s] Level 1:colcon.colcon_core.package_identification:_identify(src/0_fsb_common/fsb_common_meta/missions) by extensions ['ignore', 'ignore_ament_install']
[0.158s] Level 1:colcon.colcon_core.package_identification:_identify(src/0_fsb_common/fsb_common_meta/missions) by extension 'ignore'
[0.158s] Level 1:colcon.colcon_core.package_identification:_identify(src/0_fsb_common/fsb_common_meta/missions) by extension 'ignore_ament_install'
[0.158s] Level 1:colcon.colcon_core.package_identification:_identify(src/0_fsb_common/fsb_common_meta/missions) by extensions ['colcon_pkg']
[0.158s] Level 1:colcon.colcon_core.package_identification:_identify(src/0_fsb_common/fsb_common_meta/missions) by extension 'colcon_pkg'
[0.158s] Level 1:colcon.colcon_core.package_identification:_identify(src/0_fsb_common/fsb_common_meta/missions) by extensions ['colcon_meta']
[0.158s] Level 1:colcon.colcon_core.package_identification:_identify(src/0_fsb_common/fsb_common_meta/missions) by extension 'colcon_meta'
[0.158s] Level 1:colcon.colcon_core.package_identification:_identify(src/0_fsb_common/fsb_common_meta/missions) by extensions ['ros']
[0.158s] Level 1:colcon.colcon_core.package_identification:_identify(src/0_fsb_common/fsb_common_meta/missions) by extension 'ros'
[0.158s] Level 1:colcon.colcon_core.package_identification:_identify(src/0_fsb_common/fsb_common_meta/missions) by extensions ['cmake', 'python']
[0.158s] Level 1:colcon.colcon_core.package_identification:_identify(src/0_fsb_common/fsb_common_meta/missions) by extension 'cmake'
[0.158s] Level 1:colcon.colcon_core.package_identification:_identify(src/0_fsb_common/fsb_common_meta/missions) by extension 'python'
[0.158s] Level 1:colcon.colcon_core.package_identification:_identify(src/0_fsb_common/fsb_common_meta/missions) by extensions ['python_setup_py']
[0.158s] Level 1:colcon.colcon_core.package_identification:_identify(src/0_fsb_common/fsb_common_meta/missions) by extension 'python_setup_py'
[0.158s] Level 1:colcon.colcon_core.package_identification:_identify(src/0_fsb_common/fsb_common_meta/visualization) by extensions ['ignore', 'ignore_ament_install']
[0.158s] Level 1:colcon.colcon_core.package_identification:_identify(src/0_fsb_common/fsb_common_meta/visualization) by extension 'ignore'
[0.158s] Level 1:colcon.colcon_core.package_identification:_identify(src/0_fsb_common/fsb_common_meta/visualization) by extension 'ignore_ament_install'
[0.158s] Level 1:colcon.colcon_core.package_identification:_identify(src/0_fsb_common/fsb_common_meta/visualization) by extensions ['colcon_pkg']
[0.158s] Level 1:colcon.colcon_core.package_identification:_identify(src/0_fsb_common/fsb_common_meta/visualization) by extension 'colcon_pkg'
[0.158s] Level 1:colcon.colcon_core.package_identification:_identify(src/0_fsb_common/fsb_common_meta/visualization) by extensions ['colcon_meta']
[0.158s] Level 1:colcon.colcon_core.package_identification:_identify(src/0_fsb_common/fsb_common_meta/visualization) by extension 'colcon_meta'
[0.158s] Level 1:colcon.colcon_core.package_identification:_identify(src/0_fsb_common/fsb_common_meta/visualization) by extensions ['ros']
[0.158s] Level 1:colcon.colcon_core.package_identification:_identify(src/0_fsb_common/fsb_common_meta/visualization) by extension 'ros'
[0.158s] Level 1:colcon.colcon_core.package_identification:_identify(src/0_fsb_common/fsb_common_meta/visualization) by extensions ['cmake', 'python']
[0.158s] Level 1:colcon.colcon_core.package_identification:_identify(src/0_fsb_common/fsb_common_meta/visualization) by extension 'cmake'
[0.158s] Level 1:colcon.colcon_core.package_identification:_identify(src/0_fsb_common/fsb_common_meta/visualization) by extension 'python'
[0.159s] Level 1:colcon.colcon_core.package_identification:_identify(src/0_fsb_common/fsb_common_meta/visualization) by extensions ['python_setup_py']
[0.159s] Level 1:colcon.colcon_core.package_identification:_identify(src/0_fsb_common/fsb_common_meta/visualization) by extension 'python_setup_py'
[0.159s] Level 1:colcon.colcon_core.package_identification:_identify(src/0_fsb_common/fsb_common_meta/visualization/rviz) by extensions ['ignore', 'ignore_ament_install']
[0.159s] Level 1:colcon.colcon_core.package_identification:_identify(src/0_fsb_common/fsb_common_meta/visualization/rviz) by extension 'ignore'
[0.159s] Level 1:colcon.colcon_core.package_identification:_identify(src/0_fsb_common/fsb_common_meta/visualization/rviz) by extension 'ignore_ament_install'
[0.159s] Level 1:colcon.colcon_core.package_identification:_identify(src/0_fsb_common/fsb_common_meta/visualization/rviz) by extensions ['colcon_pkg']
[0.159s] Level 1:colcon.colcon_core.package_identification:_identify(src/0_fsb_common/fsb_common_meta/visualization/rviz) by extension 'colcon_pkg'
[0.159s] Level 1:colcon.colcon_core.package_identification:_identify(src/0_fsb_common/fsb_common_meta/visualization/rviz) by extensions ['colcon_meta']
[0.159s] Level 1:colcon.colcon_core.package_identification:_identify(src/0_fsb_common/fsb_common_meta/visualization/rviz) by extension 'colcon_meta'
[0.159s] Level 1:colcon.colcon_core.package_identification:_identify(src/0_fsb_common/fsb_common_meta/visualization/rviz) by extensions ['ros']
[0.159s] Level 1:colcon.colcon_core.package_identification:_identify(src/0_fsb_common/fsb_common_meta/visualization/rviz) by extension 'ros'
[0.159s] Level 1:colcon.colcon_core.package_identification:_identify(src/0_fsb_common/fsb_common_meta/visualization/rviz) by extensions ['cmake', 'python']
[0.159s] Level 1:colcon.colcon_core.package_identification:_identify(src/0_fsb_common/fsb_common_meta/visualization/rviz) by extension 'cmake'
[0.159s] Level 1:colcon.colcon_core.package_identification:_identify(src/0_fsb_common/fsb_common_meta/visualization/rviz) by extension 'python'
[0.159s] Level 1:colcon.colcon_core.package_identification:_identify(src/0_fsb_common/fsb_common_meta/visualization/rviz) by extensions ['python_setup_py']
[0.159s] Level 1:colcon.colcon_core.package_identification:_identify(src/0_fsb_common/fsb_common_meta/visualization/rviz) by extension 'python_setup_py'
[0.159s] Level 1:colcon.colcon_core.package_identification:_identify(src/0_fsb_common/fsb_common_msg) by extensions ['ignore', 'ignore_ament_install']
[0.159s] Level 1:colcon.colcon_core.package_identification:_identify(src/0_fsb_common/fsb_common_msg) by extension 'ignore'
[0.159s] Level 1:colcon.colcon_core.package_identification:_identify(src/0_fsb_common/fsb_common_msg) by extension 'ignore_ament_install'
[0.159s] Level 1:colcon.colcon_core.package_identification:_identify(src/0_fsb_common/fsb_common_msg) by extensions ['colcon_pkg']
[0.159s] Level 1:colcon.colcon_core.package_identification:_identify(src/0_fsb_common/fsb_common_msg) by extension 'colcon_pkg'
[0.159s] Level 1:colcon.colcon_core.package_identification:_identify(src/0_fsb_common/fsb_common_msg) by extensions ['colcon_meta']
[0.159s] Level 1:colcon.colcon_core.package_identification:_identify(src/0_fsb_common/fsb_common_msg) by extension 'colcon_meta'
[0.159s] Level 1:colcon.colcon_core.package_identification:_identify(src/0_fsb_common/fsb_common_msg) by extensions ['ros']
[0.159s] Level 1:colcon.colcon_core.package_identification:_identify(src/0_fsb_common/fsb_common_msg) by extension 'ros'
[0.174s] DEBUG:colcon.colcon_core.package_identification:Package 'src/0_fsb_common/fsb_common_msg' with type 'ros.catkin' and name 'fsd_common_msgs'
[0.174s] Level 1:colcon.colcon_core.package_identification:_identify(src/0_fsb_common/src) by extensions ['ignore', 'ignore_ament_install']
[0.174s] Level 1:colcon.colcon_core.package_identification:_identify(src/0_fsb_common/src) by extension 'ignore'
[0.174s] Level 1:colcon.colcon_core.package_identification:_identify(src/0_fsb_common/src) by extension 'ignore_ament_install'
[0.174s] Level 1:colcon.colcon_core.package_identification:_identify(src/0_fsb_common/src) by extensions ['colcon_pkg']
[0.174s] Level 1:colcon.colcon_core.package_identification:_identify(src/0_fsb_common/src) by extension 'colcon_pkg'
[0.174s] Level 1:colcon.colcon_core.package_identification:_identify(src/0_fsb_common/src) by extensions ['colcon_meta']
[0.174s] Level 1:colcon.colcon_core.package_identification:_identify(src/0_fsb_common/src) by extension 'colcon_meta'
[0.174s] Level 1:colcon.colcon_core.package_identification:_identify(src/0_fsb_common/src) by extensions ['ros']
[0.174s] Level 1:colcon.colcon_core.package_identification:_identify(src/0_fsb_common/src) by extension 'ros'
[0.174s] Level 1:colcon.colcon_core.package_identification:_identify(src/0_fsb_common/src) by extensions ['cmake', 'python']
[0.174s] Level 1:colcon.colcon_core.package_identification:_identify(src/0_fsb_common/src) by extension 'cmake'
[0.174s] Level 1:colcon.colcon_core.package_identification:_identify(src/0_fsb_common/src) by extension 'python'
[0.174s] Level 1:colcon.colcon_core.package_identification:_identify(src/0_fsb_common/src) by extensions ['python_setup_py']
[0.174s] Level 1:colcon.colcon_core.package_identification:_identify(src/0_fsb_common/src) by extension 'python_setup_py'
[0.174s] Level 1:colcon.colcon_core.package_identification:_identify(src/0_fsb_common/src/pointcloud_to_laserscan) by extensions ['ignore', 'ignore_ament_install']
[0.175s] Level 1:colcon.colcon_core.package_identification:_identify(src/0_fsb_common/src/pointcloud_to_laserscan) by extension 'ignore'
[0.175s] Level 1:colcon.colcon_core.package_identification:_identify(src/0_fsb_common/src/pointcloud_to_laserscan) by extension 'ignore_ament_install'
[0.175s] Level 1:colcon.colcon_core.package_identification:_identify(src/0_fsb_common/src/pointcloud_to_laserscan) by extensions ['colcon_pkg']
[0.175s] Level 1:colcon.colcon_core.package_identification:_identify(src/0_fsb_common/src/pointcloud_to_laserscan) by extension 'colcon_pkg'
[0.175s] Level 1:colcon.colcon_core.package_identification:_identify(src/0_fsb_common/src/pointcloud_to_laserscan) by extensions ['colcon_meta']
[0.175s] Level 1:colcon.colcon_core.package_identification:_identify(src/0_fsb_common/src/pointcloud_to_laserscan) by extension 'colcon_meta'
[0.175s] Level 1:colcon.colcon_core.package_identification:_identify(src/0_fsb_common/src/pointcloud_to_laserscan) by extensions ['ros']
[0.175s] Level 1:colcon.colcon_core.package_identification:_identify(src/0_fsb_common/src/pointcloud_to_laserscan) by extension 'ros'
[0.176s] DEBUG:colcon.colcon_core.package_identification:Package 'src/0_fsb_common/src/pointcloud_to_laserscan' with type 'ros.catkin' and name 'pointcloud_to_laserscan'
[0.176s] Level 1:colcon.colcon_core.package_identification:_identify(src/0_fsb_common/src/py) by extensions ['ignore', 'ignore_ament_install']
[0.176s] Level 1:colcon.colcon_core.package_identification:_identify(src/0_fsb_common/src/py) by extension 'ignore'
[0.176s] Level 1:colcon.colcon_core.package_identification:_identify(src/0_fsb_common/src/py) by extension 'ignore_ament_install'
[0.176s] Level 1:colcon.colcon_core.package_identification:_identify(src/0_fsb_common/src/py) by extensions ['colcon_pkg']
[0.176s] Level 1:colcon.colcon_core.package_identification:_identify(src/0_fsb_common/src/py) by extension 'colcon_pkg'
[0.176s] Level 1:colcon.colcon_core.package_identification:_identify(src/0_fsb_common/src/py) by extensions ['colcon_meta']
[0.176s] Level 1:colcon.colcon_core.package_identification:_identify(src/0_fsb_common/src/py) by extension 'colcon_meta'
[0.176s] Level 1:colcon.colcon_core.package_identification:_identify(src/0_fsb_common/src/py) by extensions ['ros']
[0.176s] Level 1:colcon.colcon_core.package_identification:_identify(src/0_fsb_common/src/py) by extension 'ros'
[0.176s] Level 1:colcon.colcon_core.package_identification:_identify(src/0_fsb_common/src/py) by extensions ['cmake', 'python']
[0.176s] Level 1:colcon.colcon_core.package_identification:_identify(src/0_fsb_common/src/py) by extension 'cmake'
[0.176s] Level 1:colcon.colcon_core.package_identification:_identify(src/0_fsb_common/src/py) by extension 'python'
[0.176s] Level 1:colcon.colcon_core.package_identification:_identify(src/0_fsb_common/src/py) by extensions ['python_setup_py']
[0.176s] Level 1:colcon.colcon_core.package_identification:_identify(src/0_fsb_common/src/py) by extension 'python_setup_py'
[0.176s] Level 1:colcon.colcon_core.package_identification:_identify(src/1_perception) by extensions ['ignore', 'ignore_ament_install']
[0.176s] Level 1:colcon.colcon_core.package_identification:_identify(src/1_perception) by extension 'ignore'
[0.176s] Level 1:colcon.colcon_core.package_identification:_identify(src/1_perception) by extension 'ignore_ament_install'
[0.176s] Level 1:colcon.colcon_core.package_identification:_identify(src/1_perception) by extensions ['colcon_pkg']
[0.176s] Level 1:colcon.colcon_core.package_identification:_identify(src/1_perception) by extension 'colcon_pkg'
[0.176s] Level 1:colcon.colcon_core.package_identification:_identify(src/1_perception) by extensions ['colcon_meta']
[0.177s] Level 1:colcon.colcon_core.package_identification:_identify(src/1_perception) by extension 'colcon_meta'
[0.177s] Level 1:colcon.colcon_core.package_identification:_identify(src/1_perception) by extensions ['ros']
[0.177s] Level 1:colcon.colcon_core.package_identification:_identify(src/1_perception) by extension 'ros'
[0.177s] Level 1:colcon.colcon_core.package_identification:_identify(src/1_perception) by extensions ['cmake', 'python']
[0.177s] Level 1:colcon.colcon_core.package_identification:_identify(src/1_perception) by extension 'cmake'
[0.177s] Level 1:colcon.colcon_core.package_identification:_identify(src/1_perception) by extension 'python'
[0.177s] Level 1:colcon.colcon_core.package_identification:_identify(src/1_perception) by extensions ['python_setup_py']
[0.177s] Level 1:colcon.colcon_core.package_identification:_identify(src/1_perception) by extension 'python_setup_py'
[0.177s] Level 1:colcon.colcon_core.package_identification:_identify(src/1_perception/camara_cone_detection) by extensions ['ignore', 'ignore_ament_install']
[0.177s] Level 1:colcon.colcon_core.package_identification:_identify(src/1_perception/camara_cone_detection) by extension 'ignore'
[0.177s] Level 1:colcon.colcon_core.package_identification:_identify(src/1_perception/camara_cone_detection) by extension 'ignore_ament_install'
[0.177s] Level 1:colcon.colcon_core.package_identification:_identify(src/1_perception/camara_cone_detection) by extensions ['colcon_pkg']
[0.177s] Level 1:colcon.colcon_core.package_identification:_identify(src/1_perception/camara_cone_detection) by extension 'colcon_pkg'
[0.177s] Level 1:colcon.colcon_core.package_identification:_identify(src/1_perception/camara_cone_detection) by extensions ['colcon_meta']
[0.177s] Level 1:colcon.colcon_core.package_identification:_identify(src/1_perception/camara_cone_detection) by extension 'colcon_meta'
[0.177s] Level 1:colcon.colcon_core.package_identification:_identify(src/1_perception/camara_cone_detection) by extensions ['ros']
[0.177s] Level 1:colcon.colcon_core.package_identification:_identify(src/1_perception/camara_cone_detection) by extension 'ros'
[0.177s] Level 1:colcon.colcon_core.package_identification:_identify(src/1_perception/camara_cone_detection) by extensions ['cmake', 'python']
[0.177s] Level 1:colcon.colcon_core.package_identification:_identify(src/1_perception/camara_cone_detection) by extension 'cmake'
[0.177s] Level 1:colcon.colcon_core.package_identification:_identify(src/1_perception/camara_cone_detection) by extension 'python'
[0.177s] Level 1:colcon.colcon_core.package_identification:_identify(src/1_perception/camara_cone_detection) by extensions ['python_setup_py']
[0.177s] Level 1:colcon.colcon_core.package_identification:_identify(src/1_perception/camara_cone_detection) by extension 'python_setup_py'
[0.177s] Level 1:colcon.colcon_core.package_identification:_identify(src/1_perception/camara_cone_detection/launch) by extensions ['ignore', 'ignore_ament_install']
[0.177s] Level 1:colcon.colcon_core.package_identification:_identify(src/1_perception/camara_cone_detection/launch) by extension 'ignore'
[0.177s] Level 1:colcon.colcon_core.package_identification:_identify(src/1_perception/camara_cone_detection/launch) by extension 'ignore_ament_install'
[0.177s] Level 1:colcon.colcon_core.package_identification:_identify(src/1_perception/camara_cone_detection/launch) by extensions ['colcon_pkg']
[0.177s] Level 1:colcon.colcon_core.package_identification:_identify(src/1_perception/camara_cone_detection/launch) by extension 'colcon_pkg'
[0.177s] Level 1:colcon.colcon_core.package_identification:_identify(src/1_perception/camara_cone_detection/launch) by extensions ['colcon_meta']
[0.177s] Level 1:colcon.colcon_core.package_identification:_identify(src/1_perception/camara_cone_detection/launch) by extension 'colcon_meta'
[0.177s] Level 1:colcon.colcon_core.package_identification:_identify(src/1_perception/camara_cone_detection/launch) by extensions ['ros']
[0.177s] Level 1:colcon.colcon_core.package_identification:_identify(src/1_perception/camara_cone_detection/launch) by extension 'ros'
[0.178s] Level 1:colcon.colcon_core.package_identification:_identify(src/1_perception/camara_cone_detection/launch) by extensions ['cmake', 'python']
[0.178s] Level 1:colcon.colcon_core.package_identification:_identify(src/1_perception/camara_cone_detection/launch) by extension 'cmake'
[0.178s] Level 1:colcon.colcon_core.package_identification:_identify(src/1_perception/camara_cone_detection/launch) by extension 'python'
[0.178s] Level 1:colcon.colcon_core.package_identification:_identify(src/1_perception/camara_cone_detection/launch) by extensions ['python_setup_py']
[0.178s] Level 1:colcon.colcon_core.package_identification:_identify(src/1_perception/camara_cone_detection/launch) by extension 'python_setup_py'
[0.178s] Level 1:colcon.colcon_core.package_identification:_identify(src/1_perception/camara_cone_detection/src) by extensions ['ignore', 'ignore_ament_install']
[0.178s] Level 1:colcon.colcon_core.package_identification:_identify(src/1_perception/camara_cone_detection/src) by extension 'ignore'
[0.178s] Level 1:colcon.colcon_core.package_identification:_identify(src/1_perception/camara_cone_detection/src) by extension 'ignore_ament_install'
[0.178s] Level 1:colcon.colcon_core.package_identification:_identify(src/1_perception/camara_cone_detection/src) by extensions ['colcon_pkg']
[0.178s] Level 1:colcon.colcon_core.package_identification:_identify(src/1_perception/camara_cone_detection/src) by extension 'colcon_pkg'
[0.178s] Level 1:colcon.colcon_core.package_identification:_identify(src/1_perception/camara_cone_detection/src) by extensions ['colcon_meta']
[0.178s] Level 1:colcon.colcon_core.package_identification:_identify(src/1_perception/camara_cone_detection/src) by extension 'colcon_meta'
[0.178s] Level 1:colcon.colcon_core.package_identification:_identify(src/1_perception/camara_cone_detection/src) by extensions ['ros']
[0.178s] Level 1:colcon.colcon_core.package_identification:_identify(src/1_perception/camara_cone_detection/src) by extension 'ros'
[0.178s] Level 1:colcon.colcon_core.package_identification:_identify(src/1_perception/camara_cone_detection/src) by extensions ['cmake', 'python']
[0.178s] Level 1:colcon.colcon_core.package_identification:_identify(src/1_perception/camara_cone_detection/src) by extension 'cmake'
[0.178s] Level 1:colcon.colcon_core.package_identification:_identify(src/1_perception/camara_cone_detection/src) by extension 'python'
[0.178s] Level 1:colcon.colcon_core.package_identification:_identify(src/1_perception/camara_cone_detection/src) by extensions ['python_setup_py']
[0.178s] Level 1:colcon.colcon_core.package_identification:_identify(src/1_perception/camara_cone_detection/src) by extension 'python_setup_py'
[0.178s] Level 1:colcon.colcon_core.package_identification:_identify(src/1_perception/fusion) by extensions ['ignore', 'ignore_ament_install']
[0.178s] Level 1:colcon.colcon_core.package_identification:_identify(src/1_perception/fusion) by extension 'ignore'
[0.178s] Level 1:colcon.colcon_core.package_identification:_identify(src/1_perception/fusion) by extension 'ignore_ament_install'
[0.178s] Level 1:colcon.colcon_core.package_identification:_identify(src/1_perception/fusion) by extensions ['colcon_pkg']
[0.178s] Level 1:colcon.colcon_core.package_identification:_identify(src/1_perception/fusion) by extension 'colcon_pkg'
[0.178s] Level 1:colcon.colcon_core.package_identification:_identify(src/1_perception/fusion) by extensions ['colcon_meta']
[0.178s] Level 1:colcon.colcon_core.package_identification:_identify(src/1_perception/fusion) by extension 'colcon_meta'
[0.178s] Level 1:colcon.colcon_core.package_identification:_identify(src/1_perception/fusion) by extensions ['ros']
[0.178s] Level 1:colcon.colcon_core.package_identification:_identify(src/1_perception/fusion) by extension 'ros'
[0.178s] Level 1:colcon.colcon_core.package_identification:_identify(src/1_perception/fusion) by extensions ['cmake', 'python']
[0.178s] Level 1:colcon.colcon_core.package_identification:_identify(src/1_perception/fusion) by extension 'cmake'
[0.179s] Level 1:colcon.colcon_core.package_identification:_identify(src/1_perception/fusion) by extension 'python'
[0.179s] Level 1:colcon.colcon_core.package_identification:_identify(src/1_perception/fusion) by extensions ['python_setup_py']
[0.179s] Level 1:colcon.colcon_core.package_identification:_identify(src/1_perception/fusion) by extension 'python_setup_py'
[0.179s] Level 1:colcon.colcon_core.package_identification:_identify(src/1_perception/lidar_cone_detection) by extensions ['ignore', 'ignore_ament_install']
[0.179s] Level 1:colcon.colcon_core.package_identification:_identify(src/1_perception/lidar_cone_detection) by extension 'ignore'
[0.179s] Level 1:colcon.colcon_core.package_identification:_identify(src/1_perception/lidar_cone_detection) by extension 'ignore_ament_install'
[0.179s] Level 1:colcon.colcon_core.package_identification:_identify(src/1_perception/lidar_cone_detection) by extensions ['colcon_pkg']
[0.179s] Level 1:colcon.colcon_core.package_identification:_identify(src/1_perception/lidar_cone_detection) by extension 'colcon_pkg'
[0.179s] Level 1:colcon.colcon_core.package_identification:_identify(src/1_perception/lidar_cone_detection) by extensions ['colcon_meta']
[0.179s] Level 1:colcon.colcon_core.package_identification:_identify(src/1_perception/lidar_cone_detection) by extension 'colcon_meta'
[0.179s] Level 1:colcon.colcon_core.package_identification:_identify(src/1_perception/lidar_cone_detection) by extensions ['ros']
[0.179s] Level 1:colcon.colcon_core.package_identification:_identify(src/1_perception/lidar_cone_detection) by extension 'ros'
[0.179s] Level 1:colcon.colcon_core.package_identification:_identify(src/1_perception/lidar_cone_detection) by extensions ['cmake', 'python']
[0.179s] Level 1:colcon.colcon_core.package_identification:_identify(src/1_perception/lidar_cone_detection) by extension 'cmake'
[0.179s] Level 1:colcon.colcon_core.package_identification:_identify(src/1_perception/lidar_cone_detection) by extension 'python'
[0.179s] Level 1:colcon.colcon_core.package_identification:_identify(src/1_perception/lidar_cone_detection) by extensions ['python_setup_py']
[0.179s] Level 1:colcon.colcon_core.package_identification:_identify(src/1_perception/lidar_cone_detection) by extension 'python_setup_py'
[0.179s] Level 1:colcon.colcon_core.package_identification:_identify(src/1_perception/perception_meta) by extensions ['ignore', 'ignore_ament_install']
[0.179s] Level 1:colcon.colcon_core.package_identification:_identify(src/1_perception/perception_meta) by extension 'ignore'
[0.179s] Level 1:colcon.colcon_core.package_identification:_identify(src/1_perception/perception_meta) by extension 'ignore_ament_install'
[0.179s] Level 1:colcon.colcon_core.package_identification:_identify(src/1_perception/perception_meta) by extensions ['colcon_pkg']
[0.179s] Level 1:colcon.colcon_core.package_identification:_identify(src/1_perception/perception_meta) by extension 'colcon_pkg'
[0.179s] Level 1:colcon.colcon_core.package_identification:_identify(src/1_perception/perception_meta) by extensions ['colcon_meta']
[0.179s] Level 1:colcon.colcon_core.package_identification:_identify(src/1_perception/perception_meta) by extension 'colcon_meta'
[0.179s] Level 1:colcon.colcon_core.package_identification:_identify(src/1_perception/perception_meta) by extensions ['ros']
[0.179s] Level 1:colcon.colcon_core.package_identification:_identify(src/1_perception/perception_meta) by extension 'ros'
[0.179s] Level 1:colcon.colcon_core.package_identification:_identify(src/1_perception/perception_meta) by extensions ['cmake', 'python']
[0.179s] Level 1:colcon.colcon_core.package_identification:_identify(src/1_perception/perception_meta) by extension 'cmake'
[0.179s] Level 1:colcon.colcon_core.package_identification:_identify(src/1_perception/perception_meta) by extension 'python'
[0.179s] Level 1:colcon.colcon_core.package_identification:_identify(src/1_perception/perception_meta) by extensions ['python_setup_py']
[0.179s] Level 1:colcon.colcon_core.package_identification:_identify(src/1_perception/perception_meta) by extension 'python_setup_py'
[0.180s] Level 1:colcon.colcon_core.package_identification:_identify(src/2_estimation) by extensions ['ignore', 'ignore_ament_install']
[0.180s] Level 1:colcon.colcon_core.package_identification:_identify(src/2_estimation) by extension 'ignore'
[0.180s] Level 1:colcon.colcon_core.package_identification:_identify(src/2_estimation) by extension 'ignore_ament_install'
[0.180s] Level 1:colcon.colcon_core.package_identification:_identify(src/2_estimation) by extensions ['colcon_pkg']
[0.180s] Level 1:colcon.colcon_core.package_identification:_identify(src/2_estimation) by extension 'colcon_pkg'
[0.180s] Level 1:colcon.colcon_core.package_identification:_identify(src/2_estimation) by extensions ['colcon_meta']
[0.180s] Level 1:colcon.colcon_core.package_identification:_identify(src/2_estimation) by extension 'colcon_meta'
[0.180s] Level 1:colcon.colcon_core.package_identification:_identify(src/2_estimation) by extensions ['ros']
[0.180s] Level 1:colcon.colcon_core.package_identification:_identify(src/2_estimation) by extension 'ros'
[0.180s] Level 1:colcon.colcon_core.package_identification:_identify(src/2_estimation) by extensions ['cmake', 'python']
[0.180s] Level 1:colcon.colcon_core.package_identification:_identify(src/2_estimation) by extension 'cmake'
[0.180s] Level 1:colcon.colcon_core.package_identification:_identify(src/2_estimation) by extension 'python'
[0.180s] Level 1:colcon.colcon_core.package_identification:_identify(src/2_estimation) by extensions ['python_setup_py']
[0.180s] Level 1:colcon.colcon_core.package_identification:_identify(src/2_estimation) by extension 'python_setup_py'
[0.180s] Level 1:colcon.colcon_core.package_identification:_identify(src/2_estimation/estimation_common) by extensions ['ignore', 'ignore_ament_install']
[0.180s] Level 1:colcon.colcon_core.package_identification:_identify(src/2_estimation/estimation_common) by extension 'ignore'
[0.180s] Level 1:colcon.colcon_core.package_identification:_identify(src/2_estimation/estimation_common) by extension 'ignore_ament_install'
[0.180s] Level 1:colcon.colcon_core.package_identification:_identify(src/2_estimation/estimation_common) by extensions ['colcon_pkg']
[0.180s] Level 1:colcon.colcon_core.package_identification:_identify(src/2_estimation/estimation_common) by extension 'colcon_pkg'
[0.180s] Level 1:colcon.colcon_core.package_identification:_identify(src/2_estimation/estimation_common) by extensions ['colcon_meta']
[0.180s] Level 1:colcon.colcon_core.package_identification:_identify(src/2_estimation/estimation_common) by extension 'colcon_meta'
[0.180s] Level 1:colcon.colcon_core.package_identification:_identify(src/2_estimation/estimation_common) by extensions ['ros']
[0.180s] Level 1:colcon.colcon_core.package_identification:_identify(src/2_estimation/estimation_common) by extension 'ros'
[0.180s] Level 1:colcon.colcon_core.package_identification:_identify(src/2_estimation/estimation_common) by extensions ['cmake', 'python']
[0.180s] Level 1:colcon.colcon_core.package_identification:_identify(src/2_estimation/estimation_common) by extension 'cmake'
[0.180s] Level 1:colcon.colcon_core.package_identification:_identify(src/2_estimation/estimation_common) by extension 'python'
[0.180s] Level 1:colcon.colcon_core.package_identification:_identify(src/2_estimation/estimation_common) by extensions ['python_setup_py']
[0.180s] Level 1:colcon.colcon_core.package_identification:_identify(src/2_estimation/estimation_common) by extension 'python_setup_py'
[0.180s] Level 1:colcon.colcon_core.package_identification:_identify(src/2_estimation/position_estimator) by extensions ['ignore', 'ignore_ament_install']
[0.181s] Level 1:colcon.colcon_core.package_identification:_identify(src/2_estimation/position_estimator) by extension 'ignore'
[0.181s] Level 1:colcon.colcon_core.package_identification:_identify(src/2_estimation/position_estimator) by extension 'ignore_ament_install'
[0.181s] Level 1:colcon.colcon_core.package_identification:_identify(src/2_estimation/position_estimator) by extensions ['colcon_pkg']
[0.181s] Level 1:colcon.colcon_core.package_identification:_identify(src/2_estimation/position_estimator) by extension 'colcon_pkg'
[0.181s] Level 1:colcon.colcon_core.package_identification:_identify(src/2_estimation/position_estimator) by extensions ['colcon_meta']
[0.181s] Level 1:colcon.colcon_core.package_identification:_identify(src/2_estimation/position_estimator) by extension 'colcon_meta'
[0.181s] Level 1:colcon.colcon_core.package_identification:_identify(src/2_estimation/position_estimator) by extensions ['ros']
[0.181s] Level 1:colcon.colcon_core.package_identification:_identify(src/2_estimation/position_estimator) by extension 'ros'
[0.181s] Level 1:colcon.colcon_core.package_identification:_identify(src/2_estimation/position_estimator) by extensions ['cmake', 'python']
[0.181s] Level 1:colcon.colcon_core.package_identification:_identify(src/2_estimation/position_estimator) by extension 'cmake'
[0.181s] Level 1:colcon.colcon_core.package_identification:_identify(src/2_estimation/position_estimator) by extension 'python'
[0.181s] Level 1:colcon.colcon_core.package_identification:_identify(src/2_estimation/position_estimator) by extensions ['python_setup_py']
[0.181s] Level 1:colcon.colcon_core.package_identification:_identify(src/2_estimation/position_estimator) by extension 'python_setup_py'
[0.181s] Level 1:colcon.colcon_core.package_identification:_identify(src/2_estimation/velocity_estimator) by extensions ['ignore', 'ignore_ament_install']
[0.181s] Level 1:colcon.colcon_core.package_identification:_identify(src/2_estimation/velocity_estimator) by extension 'ignore'
[0.181s] Level 1:colcon.colcon_core.package_identification:_identify(src/2_estimation/velocity_estimator) by extension 'ignore_ament_install'
[0.181s] Level 1:colcon.colcon_core.package_identification:_identify(src/2_estimation/velocity_estimator) by extensions ['colcon_pkg']
[0.181s] Level 1:colcon.colcon_core.package_identification:_identify(src/2_estimation/velocity_estimator) by extension 'colcon_pkg'
[0.181s] Level 1:colcon.colcon_core.package_identification:_identify(src/2_estimation/velocity_estimator) by extensions ['colcon_meta']
[0.181s] Level 1:colcon.colcon_core.package_identification:_identify(src/2_estimation/velocity_estimator) by extension 'colcon_meta'
[0.181s] Level 1:colcon.colcon_core.package_identification:_identify(src/2_estimation/velocity_estimator) by extensions ['ros']
[0.181s] Level 1:colcon.colcon_core.package_identification:_identify(src/2_estimation/velocity_estimator) by extension 'ros'
[0.181s] Level 1:colcon.colcon_core.package_identification:_identify(src/2_estimation/velocity_estimator) by extensions ['cmake', 'python']
[0.181s] Level 1:colcon.colcon_core.package_identification:_identify(src/2_estimation/velocity_estimator) by extension 'cmake'
[0.181s] Level 1:colcon.colcon_core.package_identification:_identify(src/2_estimation/velocity_estimator) by extension 'python'
[0.181s] Level 1:colcon.colcon_core.package_identification:_identify(src/2_estimation/velocity_estimator) by extensions ['python_setup_py']
[0.181s] Level 1:colcon.colcon_core.package_identification:_identify(src/2_estimation/velocity_estimator) by extension 'python_setup_py'
[0.181s] Level 1:colcon.colcon_core.package_identification:_identify(src/3_slam) by extensions ['ignore', 'ignore_ament_install']
[0.181s] Level 1:colcon.colcon_core.package_identification:_identify(src/3_slam) by extension 'ignore'
[0.181s] Level 1:colcon.colcon_core.package_identification:_identify(src/3_slam) by extension 'ignore_ament_install'
[0.182s] Level 1:colcon.colcon_core.package_identification:_identify(src/3_slam) by extensions ['colcon_pkg']
[0.182s] Level 1:colcon.colcon_core.package_identification:_identify(src/3_slam) by extension 'colcon_pkg'
[0.182s] Level 1:colcon.colcon_core.package_identification:_identify(src/3_slam) by extensions ['colcon_meta']
[0.182s] Level 1:colcon.colcon_core.package_identification:_identify(src/3_slam) by extension 'colcon_meta'
[0.182s] Level 1:colcon.colcon_core.package_identification:_identify(src/3_slam) by extensions ['ros']
[0.182s] Level 1:colcon.colcon_core.package_identification:_identify(src/3_slam) by extension 'ros'
[0.182s] Level 1:colcon.colcon_core.package_identification:_identify(src/3_slam) by extensions ['cmake', 'python']
[0.182s] Level 1:colcon.colcon_core.package_identification:_identify(src/3_slam) by extension 'cmake'
[0.182s] Level 1:colcon.colcon_core.package_identification:_identify(src/3_slam) by extension 'python'
[0.182s] Level 1:colcon.colcon_core.package_identification:_identify(src/3_slam) by extensions ['python_setup_py']
[0.182s] Level 1:colcon.colcon_core.package_identification:_identify(src/3_slam) by extension 'python_setup_py'
[0.182s] Level 1:colcon.colcon_core.package_identification:_identify(src/3_slam/src) by extensions ['ignore', 'ignore_ament_install']
[0.182s] Level 1:colcon.colcon_core.package_identification:_identify(src/3_slam/src) by extension 'ignore'
[0.182s] Level 1:colcon.colcon_core.package_identification:_identify(src/3_slam/src) by extension 'ignore_ament_install'
[0.182s] Level 1:colcon.colcon_core.package_identification:_identify(src/3_slam/src) by extensions ['colcon_pkg']
[0.182s] Level 1:colcon.colcon_core.package_identification:_identify(src/3_slam/src) by extension 'colcon_pkg'
[0.182s] Level 1:colcon.colcon_core.package_identification:_identify(src/3_slam/src) by extensions ['colcon_meta']
[0.182s] Level 1:colcon.colcon_core.package_identification:_identify(src/3_slam/src) by extension 'colcon_meta'
[0.182s] Level 1:colcon.colcon_core.package_identification:_identify(src/3_slam/src) by extensions ['ros']
[0.182s] Level 1:colcon.colcon_core.package_identification:_identify(src/3_slam/src) by extension 'ros'
[0.182s] Level 1:colcon.colcon_core.package_identification:_identify(src/3_slam/src) by extensions ['cmake', 'python']
[0.182s] Level 1:colcon.colcon_core.package_identification:_identify(src/3_slam/src) by extension 'cmake'
[0.182s] Level 1:colcon.colcon_core.package_identification:_identify(src/3_slam/src) by extension 'python'
[0.182s] Level 1:colcon.colcon_core.package_identification:_identify(src/3_slam/src) by extensions ['python_setup_py']
[0.182s] Level 1:colcon.colcon_core.package_identification:_identify(src/3_slam/src) by extension 'python_setup_py'
[0.182s] Level 1:colcon.colcon_core.package_identification:_identify(src/3_slam/src/fastslam) by extensions ['ignore', 'ignore_ament_install']
[0.182s] Level 1:colcon.colcon_core.package_identification:_identify(src/3_slam/src/fastslam) by extension 'ignore'
[0.182s] Level 1:colcon.colcon_core.package_identification:_identify(src/3_slam/src/fastslam) by extension 'ignore_ament_install'
[0.182s] Level 1:colcon.colcon_core.package_identification:_identify(src/3_slam/src/fastslam) by extensions ['colcon_pkg']
[0.182s] Level 1:colcon.colcon_core.package_identification:_identify(src/3_slam/src/fastslam) by extension 'colcon_pkg'
[0.182s] Level 1:colcon.colcon_core.package_identification:_identify(src/3_slam/src/fastslam) by extensions ['colcon_meta']
[0.183s] Level 1:colcon.colcon_core.package_identification:_identify(src/3_slam/src/fastslam) by extension 'colcon_meta'
[0.183s] Level 1:colcon.colcon_core.package_identification:_identify(src/3_slam/src/fastslam) by extensions ['ros']
[0.183s] Level 1:colcon.colcon_core.package_identification:_identify(src/3_slam/src/fastslam) by extension 'ros'
[0.183s] DEBUG:colcon.colcon_core.package_identification:Package 'src/3_slam/src/fastslam' with type 'ros.ament_python' and name 'fastslam'
[0.183s] Level 1:colcon.colcon_core.package_identification:_identify(src/4_planification) by extensions ['ignore', 'ignore_ament_install']
[0.183s] Level 1:colcon.colcon_core.package_identification:_identify(src/4_planification) by extension 'ignore'
[0.183s] Level 1:colcon.colcon_core.package_identification:_identify(src/4_planification) by extension 'ignore_ament_install'
[0.183s] Level 1:colcon.colcon_core.package_identification:_identify(src/4_planification) by extensions ['colcon_pkg']
[0.183s] Level 1:colcon.colcon_core.package_identification:_identify(src/4_planification) by extension 'colcon_pkg'
[0.183s] Level 1:colcon.colcon_core.package_identification:_identify(src/4_planification) by extensions ['colcon_meta']
[0.183s] Level 1:colcon.colcon_core.package_identification:_identify(src/4_planification) by extension 'colcon_meta'
[0.183s] Level 1:colcon.colcon_core.package_identification:_identify(src/4_planification) by extensions ['ros']
[0.183s] Level 1:colcon.colcon_core.package_identification:_identify(src/4_planification) by extension 'ros'
[0.183s] Level 1:colcon.colcon_core.package_identification:_identify(src/4_planification) by extensions ['cmake', 'python']
[0.183s] Level 1:colcon.colcon_core.package_identification:_identify(src/4_planification) by extension 'cmake'
[0.184s] Level 1:colcon.colcon_core.package_identification:_identify(src/4_planification) by extension 'python'
[0.184s] Level 1:colcon.colcon_core.package_identification:_identify(src/4_planification) by extensions ['python_setup_py']
[0.184s] Level 1:colcon.colcon_core.package_identification:_identify(src/4_planification) by extension 'python_setup_py'
[0.184s] Level 1:colcon.colcon_core.package_identification:_identify(src/4_planification/src) by extensions ['ignore', 'ignore_ament_install']
[0.184s] Level 1:colcon.colcon_core.package_identification:_identify(src/4_planification/src) by extension 'ignore'
[0.184s] Level 1:colcon.colcon_core.package_identification:_identify(src/4_planification/src) by extension 'ignore_ament_install'
[0.184s] Level 1:colcon.colcon_core.package_identification:_identify(src/4_planification/src) by extensions ['colcon_pkg']
[0.184s] Level 1:colcon.colcon_core.package_identification:_identify(src/4_planification/src) by extension 'colcon_pkg'
[0.184s] Level 1:colcon.colcon_core.package_identification:_identify(src/4_planification/src) by extensions ['colcon_meta']
[0.184s] Level 1:colcon.colcon_core.package_identification:_identify(src/4_planification/src) by extension 'colcon_meta'
[0.184s] Level 1:colcon.colcon_core.package_identification:_identify(src/4_planification/src) by extensions ['ros']
[0.184s] Level 1:colcon.colcon_core.package_identification:_identify(src/4_planification/src) by extension 'ros'
[0.184s] Level 1:colcon.colcon_core.package_identification:_identify(src/4_planification/src) by extensions ['cmake', 'python']
[0.184s] Level 1:colcon.colcon_core.package_identification:_identify(src/4_planification/src) by extension 'cmake'
[0.184s] Level 1:colcon.colcon_core.package_identification:_identify(src/4_planification/src) by extension 'python'
[0.184s] Level 1:colcon.colcon_core.package_identification:_identify(src/4_planification/src) by extensions ['python_setup_py']
[0.184s] Level 1:colcon.colcon_core.package_identification:_identify(src/4_planification/src) by extension 'python_setup_py'
[0.184s] Level 1:colcon.colcon_core.package_identification:_identify(src/5_control) by extensions ['ignore', 'ignore_ament_install']
[0.185s] Level 1:colcon.colcon_core.package_identification:_identify(src/5_control) by extension 'ignore'
[0.185s] Level 1:colcon.colcon_core.package_identification:_identify(src/5_control) by extension 'ignore_ament_install'
[0.185s] Level 1:colcon.colcon_core.package_identification:_identify(src/5_control) by extensions ['colcon_pkg']
[0.185s] Level 1:colcon.colcon_core.package_identification:_identify(src/5_control) by extension 'colcon_pkg'
[0.185s] Level 1:colcon.colcon_core.package_identification:_identify(src/5_control) by extensions ['colcon_meta']
[0.185s] Level 1:colcon.colcon_core.package_identification:_identify(src/5_control) by extension 'colcon_meta'
[0.185s] Level 1:colcon.colcon_core.package_identification:_identify(src/5_control) by extensions ['ros']
[0.185s] Level 1:colcon.colcon_core.package_identification:_identify(src/5_control) by extension 'ros'
[0.185s] Level 1:colcon.colcon_core.package_identification:_identify(src/5_control) by extensions ['cmake', 'python']
[0.185s] Level 1:colcon.colcon_core.package_identification:_identify(src/5_control) by extension 'cmake'
[0.185s] Level 1:colcon.colcon_core.package_identification:_identify(src/5_control) by extension 'python'
[0.185s] Level 1:colcon.colcon_core.package_identification:_identify(src/5_control) by extensions ['python_setup_py']
[0.185s] Level 1:colcon.colcon_core.package_identification:_identify(src/5_control) by extension 'python_setup_py'
[0.185s] Level 1:colcon.colcon_core.package_identification:_identify(src/slam) by extensions ['ignore', 'ignore_ament_install']
[0.185s] Level 1:colcon.colcon_core.package_identification:_identify(src/slam) by extension 'ignore'
[0.185s] Level 1:colcon.colcon_core.package_identification:_identify(src/slam) by extension 'ignore_ament_install'
[0.185s] Level 1:colcon.colcon_core.package_identification:_identify(src/slam) by extensions ['colcon_pkg']
[0.185s] Level 1:colcon.colcon_core.package_identification:_identify(src/slam) by extension 'colcon_pkg'
[0.185s] Level 1:colcon.colcon_core.package_identification:_identify(src/slam) by extensions ['colcon_meta']
[0.185s] Level 1:colcon.colcon_core.package_identification:_identify(src/slam) by extension 'colcon_meta'
[0.185s] Level 1:colcon.colcon_core.package_identification:_identify(src/slam) by extensions ['ros']
[0.186s] Level 1:colcon.colcon_core.package_identification:_identify(src/slam) by extension 'ros'
[0.186s] Level 1:colcon.colcon_core.package_identification:_identify(src/slam) by extensions ['cmake', 'python']
[0.186s] Level 1:colcon.colcon_core.package_identification:_identify(src/slam) by extension 'cmake'
[0.186s] Level 1:colcon.colcon_core.package_identification:_identify(src/slam) by extension 'python'
[0.186s] Level 1:colcon.colcon_core.package_identification:_identify(src/slam) by extensions ['python_setup_py']
[0.186s] Level 1:colcon.colcon_core.package_identification:_identify(src/slam) by extension 'python_setup_py'
[0.186s] Level 1:colcon.colcon_core.package_identification:_identify(src/slam/3_slam) by extensions ['ignore', 'ignore_ament_install']
[0.186s] Level 1:colcon.colcon_core.package_identification:_identify(src/slam/3_slam) by extension 'ignore'
[0.186s] Level 1:colcon.colcon_core.package_identification:_identify(src/slam/3_slam) by extension 'ignore_ament_install'
[0.186s] Level 1:colcon.colcon_core.package_identification:_identify(src/slam/3_slam) by extensions ['colcon_pkg']
[0.186s] Level 1:colcon.colcon_core.package_identification:_identify(src/slam/3_slam) by extension 'colcon_pkg'
[0.186s] Level 1:colcon.colcon_core.package_identification:_identify(src/slam/3_slam) by extensions ['colcon_meta']
[0.186s] Level 1:colcon.colcon_core.package_identification:_identify(src/slam/3_slam) by extension 'colcon_meta'
[0.186s] Level 1:colcon.colcon_core.package_identification:_identify(src/slam/3_slam) by extensions ['ros']
[0.186s] Level 1:colcon.colcon_core.package_identification:_identify(src/slam/3_slam) by extension 'ros'
[0.186s] Level 1:colcon.colcon_core.package_identification:_identify(src/slam/3_slam) by extensions ['cmake', 'python']
[0.186s] Level 1:colcon.colcon_core.package_identification:_identify(src/slam/3_slam) by extension 'cmake'
[0.186s] Level 1:colcon.colcon_core.package_identification:_identify(src/slam/3_slam) by extension 'python'
[0.186s] Level 1:colcon.colcon_core.package_identification:_identify(src/slam/3_slam) by extensions ['python_setup_py']
[0.186s] Level 1:colcon.colcon_core.package_identification:_identify(src/slam/3_slam) by extension 'python_setup_py'
[0.187s] Level 1:colcon.colcon_core.package_identification:_identify(src/slam/3_slam/src) by extensions ['ignore', 'ignore_ament_install']
[0.187s] Level 1:colcon.colcon_core.package_identification:_identify(src/slam/3_slam/src) by extension 'ignore'
[0.187s] Level 1:colcon.colcon_core.package_identification:_identify(src/slam/3_slam/src) by extension 'ignore_ament_install'
[0.187s] Level 1:colcon.colcon_core.package_identification:_identify(src/slam/3_slam/src) by extensions ['colcon_pkg']
[0.187s] Level 1:colcon.colcon_core.package_identification:_identify(src/slam/3_slam/src) by extension 'colcon_pkg'
[0.187s] Level 1:colcon.colcon_core.package_identification:_identify(src/slam/3_slam/src) by extensions ['colcon_meta']
[0.187s] Level 1:colcon.colcon_core.package_identification:_identify(src/slam/3_slam/src) by extension 'colcon_meta'
[0.187s] Level 1:colcon.colcon_core.package_identification:_identify(src/slam/3_slam/src) by extensions ['ros']
[0.187s] Level 1:colcon.colcon_core.package_identification:_identify(src/slam/3_slam/src) by extension 'ros'
[0.187s] Level 1:colcon.colcon_core.package_identification:_identify(src/slam/3_slam/src) by extensions ['cmake', 'python']
[0.187s] Level 1:colcon.colcon_core.package_identification:_identify(src/slam/3_slam/src) by extension 'cmake'
[0.187s] Level 1:colcon.colcon_core.package_identification:_identify(src/slam/3_slam/src) by extension 'python'
[0.187s] Level 1:colcon.colcon_core.package_identification:_identify(src/slam/3_slam/src) by extensions ['python_setup_py']
[0.187s] Level 1:colcon.colcon_core.package_identification:_identify(src/slam/3_slam/src) by extension 'python_setup_py'
[0.187s] Level 1:colcon.colcon_core.package_identification:_identify(src/slam/3_slam/src/fastSlam) by extensions ['ignore', 'ignore_ament_install']
[0.187s] Level 1:colcon.colcon_core.package_identification:_identify(src/slam/3_slam/src/fastSlam) by extension 'ignore'
[0.187s] Level 1:colcon.colcon_core.package_identification:_identify(src/slam/3_slam/src/fastSlam) by extension 'ignore_ament_install'
[0.187s] Level 1:colcon.colcon_core.package_identification:_identify(src/slam/3_slam/src/fastSlam) by extensions ['colcon_pkg']
[0.187s] Level 1:colcon.colcon_core.package_identification:_identify(src/slam/3_slam/src/fastSlam) by extension 'colcon_pkg'
[0.188s] Level 1:colcon.colcon_core.package_identification:_identify(src/slam/3_slam/src/fastSlam) by extensions ['colcon_meta']
[0.188s] Level 1:colcon.colcon_core.package_identification:_identify(src/slam/3_slam/src/fastSlam) by extension 'colcon_meta'
[0.188s] Level 1:colcon.colcon_core.package_identification:_identify(src/slam/3_slam/src/fastSlam) by extensions ['ros']
[0.188s] Level 1:colcon.colcon_core.package_identification:_identify(src/slam/3_slam/src/fastSlam) by extension 'ros'
[0.188s] Level 1:colcon.colcon_core.package_identification:_identify(src/slam/3_slam/src/fastSlam) by extensions ['cmake', 'python']
[0.188s] Level 1:colcon.colcon_core.package_identification:_identify(src/slam/3_slam/src/fastSlam) by extension 'cmake'
[0.188s] Level 1:colcon.colcon_core.package_identification:_identify(src/slam/3_slam/src/fastSlam) by extension 'python'
[0.188s] Level 1:colcon.colcon_core.package_identification:_identify(src/slam/3_slam/src/fastSlam) by extensions ['python_setup_py']
[0.188s] Level 1:colcon.colcon_core.package_identification:_identify(src/slam/3_slam/src/fastSlam) by extension 'python_setup_py'
[0.188s] Level 1:colcon.colcon_core.package_identification:_identify(src/slam/3_slam/src/fastSlam/__pycache__) by extensions ['ignore', 'ignore_ament_install']
[0.188s] Level 1:colcon.colcon_core.package_identification:_identify(src/slam/3_slam/src/fastSlam/__pycache__) by extension 'ignore'
[0.188s] Level 1:colcon.colcon_core.package_identification:_identify(src/slam/3_slam/src/fastSlam/__pycache__) by extension 'ignore_ament_install'
[0.188s] Level 1:colcon.colcon_core.package_identification:_identify(src/slam/3_slam/src/fastSlam/__pycache__) by extensions ['colcon_pkg']
[0.188s] Level 1:colcon.colcon_core.package_identification:_identify(src/slam/3_slam/src/fastSlam/__pycache__) by extension 'colcon_pkg'
[0.188s] Level 1:colcon.colcon_core.package_identification:_identify(src/slam/3_slam/src/fastSlam/__pycache__) by extensions ['colcon_meta']
[0.188s] Level 1:colcon.colcon_core.package_identification:_identify(src/slam/3_slam/src/fastSlam/__pycache__) by extension 'colcon_meta'
[0.188s] Level 1:colcon.colcon_core.package_identification:_identify(src/slam/3_slam/src/fastSlam/__pycache__) by extensions ['ros']
[0.188s] Level 1:colcon.colcon_core.package_identification:_identify(src/slam/3_slam/src/fastSlam/__pycache__) by extension 'ros'
[0.188s] Level 1:colcon.colcon_core.package_identification:_identify(src/slam/3_slam/src/fastSlam/__pycache__) by extensions ['cmake', 'python']
[0.188s] Level 1:colcon.colcon_core.package_identification:_identify(src/slam/3_slam/src/fastSlam/__pycache__) by extension 'cmake'
[0.188s] Level 1:colcon.colcon_core.package_identification:_identify(src/slam/3_slam/src/fastSlam/__pycache__) by extension 'python'
[0.188s] Level 1:colcon.colcon_core.package_identification:_identify(src/slam/3_slam/src/fastSlam/__pycache__) by extensions ['python_setup_py']
[0.188s] Level 1:colcon.colcon_core.package_identification:_identify(src/slam/3_slam/src/fastSlam/__pycache__) by extension 'python_setup_py'
[0.188s] Level 1:colcon.colcon_core.package_discovery:discover_packages(recursive) using defaults
[0.188s] Level 1:colcon.colcon_core.package_discovery:discover_packages(ignore) discover
[0.188s] Level 1:colcon.colcon_core.package_discovery:discover_packages(ignore) using defaults
[0.188s] Level 1:colcon.colcon_core.package_discovery:discover_packages(path) discover
[0.188s] Level 1:colcon.colcon_core.package_discovery:discover_packages(path) using defaults
[0.206s] INFO:colcon.colcon_core.package_selection:Skipping not selected package 'fsd_common_msgs' in 'src/0_fsb_common/fsb_common_msg'
[0.206s] INFO:colcon.colcon_core.package_selection:Skipping not selected package 'pointcloud_to_laserscan' in 'src/0_fsb_common/src/pointcloud_to_laserscan'
[0.206s] Level 1:colcon.colcon_core.package_discovery:discover_packages(prefix_path) check parameters
[0.206s] Level 1:colcon.colcon_core.package_discovery:discover_packages(prefix_path) discover
[0.209s] DEBUG:colcon.colcon_installed_package_information.package_discovery:Found 1 installed packages in /home/alan/FS-AI/install
[0.209s] DEBUG:colcon.colcon_installed_package_information.package_discovery:Found 8 installed packages in /home/fsb/eufs_sim/install
[0.211s] DEBUG:colcon.colcon_installed_package_information.package_discovery:Found 291 installed packages in /opt/ros/galactic
[0.212s] Level 1:colcon.colcon_core.package_discovery:discover_packages(prefix_path) using defaults
[0.278s] Level 5:colcon.colcon_core.verb:set package 'fastslam' build argument 'cmake_args' from command line to 'None'
[0.278s] Level 5:colcon.colcon_core.verb:set package 'fastslam' build argument 'cmake_target' from command line to 'None'
[0.278s] Level 5:colcon.colcon_core.verb:set package 'fastslam' build argument 'cmake_target_skip_unavailable' from command line to 'False'
[0.279s] Level 5:colcon.colcon_core.verb:set package 'fastslam' build argument 'cmake_clean_cache' from command line to 'False'
[0.279s] Level 5:colcon.colcon_core.verb:set package 'fastslam' build argument 'cmake_clean_first' from command line to 'False'
[0.279s] Level 5:colcon.colcon_core.verb:set package 'fastslam' build argument 'cmake_force_configure' from command line to 'False'
[0.279s] Level 5:colcon.colcon_core.verb:set package 'fastslam' build argument 'ament_cmake_args' from command line to 'None'
[0.279s] Level 5:colcon.colcon_core.verb:set package 'fastslam' build argument 'catkin_cmake_args' from command line to 'None'
[0.279s] Level 5:colcon.colcon_core.verb:set package 'fastslam' build argument 'catkin_skip_building_tests' from command line to 'False'
[0.279s] DEBUG:colcon.colcon_core.verb:Building package 'fastslam' with the following arguments: {'ament_cmake_args': None, 'build_base': '/home/alan/FS-AI/build/fastslam', 'catkin_cmake_args': None, 'catkin_skip_building_tests': False, 'cmake_args': None, 'cmake_clean_cache': False, 'cmake_clean_first': False, 'cmake_force_configure': False, 'cmake_target': None, 'cmake_target_skip_unavailable': False, 'install_base': '/home/alan/FS-AI/install/fastslam', 'merge_install': False, 'path': '/home/alan/FS-AI/src/3_slam/src/fastslam', 'symlink_install': False, 'test_result_base': None}
[0.279s] INFO:colcon.colcon_core.executor:Executing jobs using 'parallel' executor
[0.283s] DEBUG:colcon.colcon_parallel_executor.executor.parallel:run_until_complete
[0.283s] INFO:colcon.colcon_ros.task.ament_python.build:Building ROS package in '/home/alan/FS-AI/src/3_slam/src/fastslam' with build type 'ament_python'
[0.283s] Level 1:colcon.colcon_core.shell:create_environment_hook('fastslam', 'ament_prefix_path')
[0.287s] INFO:colcon.colcon_core.plugin_system:Skipping extension 'colcon_core.shell.bat': Not used on non-Windows systems
[0.287s] INFO:colcon.colcon_core.shell:Creating environment hook '/home/alan/FS-AI/install/fastslam/share/fastslam/hook/ament_prefix_path.ps1'
[0.287s] INFO:colcon.colcon_core.shell:Creating environment descriptor '/home/alan/FS-AI/install/fastslam/share/fastslam/hook/ament_prefix_path.dsv'
[0.288s] INFO:colcon.colcon_core.shell:Creating environment hook '/home/alan/FS-AI/install/fastslam/share/fastslam/hook/ament_prefix_path.sh'
[0.289s] INFO:colcon.colcon_core.shell:Skip shell extension 'powershell' for command environment: Not usable outside of PowerShell
[0.289s] DEBUG:colcon.colcon_core.shell:Skip shell extension 'dsv' for command environment
[0.514s] INFO:colcon.colcon_core.task.python.build:Building Python package in '/home/alan/FS-AI/src/3_slam/src/fastslam'
[0.519s] INFO:colcon.colcon_core.shell:Skip shell extension 'powershell' for command environment: Not usable outside of PowerShell
[0.519s] DEBUG:colcon.colcon_core.shell:Skip shell extension 'dsv' for command environment
[0.944s] DEBUG:colcon.colcon_core.event_handler.log_command:Invoking command in '/home/alan/FS-AI/src/3_slam/src/fastslam': PYTHONPATH=/home/alan/FS-AI/build/fastslam/prefix_override:/home/alan/FS-AI/install/fastslam/lib/python3.8/site-packages:${PYTHONPATH} /usr/bin/python3 setup.py egg_info --egg-base ../../../../build/fastslam build --build-base /home/alan/FS-AI/build/fastslam/build install --record /home/alan/FS-AI/build/fastslam/install.log --single-version-externally-managed
[1.205s] DEBUG:colcon.colcon_core.event_handler.log_command:Invoked command in '/home/alan/FS-AI/src/3_slam/src/fastslam' returned '0': PYTHONPATH=/home/alan/FS-AI/build/fastslam/prefix_override:/home/alan/FS-AI/install/fastslam/lib/python3.8/site-packages:${PYTHONPATH} /usr/bin/python3 setup.py egg_info --egg-base ../../../../build/fastslam build --build-base /home/alan/FS-AI/build/fastslam/build install --record /home/alan/FS-AI/build/fastslam/install.log --single-version-externally-managed
[1.217s] Level 1:colcon.colcon_core.environment:checking '/home/alan/FS-AI/install/fastslam' for CMake module files
[1.217s] Level 1:colcon.colcon_core.environment:checking '/home/alan/FS-AI/install/fastslam' for CMake config files
[1.218s] Level 1:colcon.colcon_core.environment:checking '/home/alan/FS-AI/install/fastslam/lib'
[1.219s] Level 1:colcon.colcon_core.environment:checking '/home/alan/FS-AI/install/fastslam/bin'
[1.219s] Level 1:colcon.colcon_core.environment:checking '/home/alan/FS-AI/install/fastslam/lib/pkgconfig/fastslam.pc'
[1.219s] Level 1:colcon.colcon_core.environment:checking '/home/alan/FS-AI/install/fastslam/lib/python3.8/site-packages'
[1.220s] Level 1:colcon.colcon_core.shell:create_environment_hook('fastslam', 'pythonpath')
[1.222s] INFO:colcon.colcon_core.shell:Creating environment hook '/home/alan/FS-AI/install/fastslam/share/fastslam/hook/pythonpath.ps1'
[1.223s] INFO:colcon.colcon_core.shell:Creating environment descriptor '/home/alan/FS-AI/install/fastslam/share/fastslam/hook/pythonpath.dsv'
[1.224s] INFO:colcon.colcon_core.shell:Creating environment hook '/home/alan/FS-AI/install/fastslam/share/fastslam/hook/pythonpath.sh'
[1.224s] Level 1:colcon.colcon_core.environment:checking '/home/alan/FS-AI/install/fastslam/bin'
[1.224s] Level 1:colcon.colcon_core.environment:create_environment_scripts_only(fastslam)
[1.227s] INFO:colcon.colcon_core.shell:Creating package script '/home/alan/FS-AI/install/fastslam/share/fastslam/package.ps1'
[1.227s] INFO:colcon.colcon_core.shell:Creating package descriptor '/home/alan/FS-AI/install/fastslam/share/fastslam/package.dsv'
[1.228s] INFO:colcon.colcon_core.shell:Creating package script '/home/alan/FS-AI/install/fastslam/share/fastslam/package.sh'
[1.229s] INFO:colcon.colcon_core.shell:Creating package script '/home/alan/FS-AI/install/fastslam/share/fastslam/package.bash'
[1.229s] INFO:colcon.colcon_core.shell:Creating package script '/home/alan/FS-AI/install/fastslam/share/fastslam/package.zsh'
[1.230s] Level 1:colcon.colcon_core.environment:create_file_with_runtime_dependencies(/home/alan/FS-AI/install/fastslam/share/colcon-core/packages/fastslam)
[1.230s] DEBUG:colcon.colcon_parallel_executor.executor.parallel:closing loop
[1.230s] DEBUG:colcon.colcon_parallel_executor.executor.parallel:loop closed
[1.231s] DEBUG:colcon.colcon_parallel_executor.executor.parallel:run_until_complete finished with '0'
[1.231s] DEBUG:colcon.colcon_core.event_reactor:joining thread
[1.245s] INFO:colcon.colcon_core.plugin_system:Skipping extension 'colcon_notification.desktop_notification.terminal_notifier': Not used on non-Darwin systems
[1.245s] INFO:colcon.colcon_core.plugin_system:Skipping extension 'colcon_notification.desktop_notification.win32': Not used on non-Windows systems
[1.246s] INFO:colcon.colcon_notification.desktop_notification:Sending desktop notification using 'notify2'
[1.264s] DEBUG:colcon.colcon_core.event_reactor:joined thread
[1.266s] INFO:colcon.colcon_core.shell:Creating prefix script '/home/alan/FS-AI/install/local_setup.ps1'
[1.267s] INFO:colcon.colcon_core.shell:Creating prefix util module '/home/alan/FS-AI/install/_local_setup_util_ps1.py'
[1.270s] INFO:colcon.colcon_core.shell:Creating prefix chain script '/home/alan/FS-AI/install/setup.ps1'
[1.272s] INFO:colcon.colcon_core.shell:Creating prefix script '/home/alan/FS-AI/install/local_setup.sh'
[1.272s] INFO:colcon.colcon_core.shell:Creating prefix util module '/home/alan/FS-AI/install/_local_setup_util_sh.py'
[1.273s] INFO:colcon.colcon_core.shell:Creating prefix chain script '/home/alan/FS-AI/install/setup.sh'
[1.275s] INFO:colcon.colcon_core.shell:Creating prefix script '/home/alan/FS-AI/install/local_setup.bash'
[1.275s] INFO:colcon.colcon_core.shell:Creating prefix chain script '/home/alan/FS-AI/install/setup.bash'
[1.277s] INFO:colcon.colcon_core.shell:Creating prefix script '/home/alan/FS-AI/install/local_setup.zsh'
[1.277s] INFO:colcon.colcon_core.shell:Creating prefix chain script '/home/alan/FS-AI/install/setup.zsh'
