[0.562s] Invoking command in '/home/alan/FS-AI/src/3_slam/src/fastslam': PYTHONPATH=/home/alan/FS-AI/build/fastslam/prefix_override:/home/alan/FS-AI/install/fastslam/lib/python3.8/site-packages:${PYTHONPATH} /usr/bin/python3 setup.py egg_info --egg-base ../../../../build/fastslam build --build-base /home/alan/FS-AI/build/fastslam/build install --record /home/alan/FS-AI/build/fastslam/install.log --single-version-externally-managed
[0.733s] running egg_info
[0.733s] writing ../../../../build/fastslam/fastslam.egg-info/PKG-INFO
[0.733s] writing dependency_links to ../../../../build/fastslam/fastslam.egg-info/dependency_links.txt
[0.733s] writing entry points to ../../../../build/fastslam/fastslam.egg-info/entry_points.txt
[0.733s] writing requirements to ../../../../build/fastslam/fastslam.egg-info/requires.txt
[0.733s] writing top-level names to ../../../../build/fastslam/fastslam.egg-info/top_level.txt
[0.761s] reading manifest file '../../../../build/fastslam/fastslam.egg-info/SOURCES.txt'
[0.761s] writing manifest file '../../../../build/fastslam/fastslam.egg-info/SOURCES.txt'
[0.762s] running build
[0.762s] running build_py
[0.762s] copying fastslam/input.py -> /home/alan/FS-AI/build/fastslam/build/lib/fastslam
[0.762s] running install
[0.763s] running install_lib
[0.763s] copying /home/alan/FS-AI/build/fastslam/build/lib/fastslam/input.py -> /home/alan/FS-AI/install/fastslam/lib/python3.8/site-packages/fastslam
[0.764s] byte-compiling /home/alan/FS-AI/install/fastslam/lib/python3.8/site-packages/fastslam/input.py to input.cpython-38.pyc
[0.765s]   File "/home/alan/FS-AI/install/fastslam/lib/python3.8/site-packages/fastslam/input.py", line 4
[0.765s]     from /home/alan/FS-AI/src/3_slam/src/fastslam/fastslam/algorithm import *
[0.765s]          ^
[0.765s] SyntaxError: invalid syntax
[0.766s] 
[0.766s] running install_data
[0.766s] running install_egg_info
[0.767s] removing '/home/alan/FS-AI/install/fastslam/lib/python3.8/site-packages/fastslam-0.0.0-py3.8.egg-info' (and everything under it)
[0.767s] Copying ../../../../build/fastslam/fastslam.egg-info to /home/alan/FS-AI/install/fastslam/lib/python3.8/site-packages/fastslam-0.0.0-py3.8.egg-info
[0.767s] running install_scripts
[0.782s] Installing fastslam script to /home/alan/FS-AI/install/fastslam/lib/fastslam
[0.783s] writing list of installed files to '/home/alan/FS-AI/build/fastslam/install.log'
[0.802s] Invoked command in '/home/alan/FS-AI/src/3_slam/src/fastslam' returned '0': PYTHONPATH=/home/alan/FS-AI/build/fastslam/prefix_override:/home/alan/FS-AI/install/fastslam/lib/python3.8/site-packages:${PYTHONPATH} /usr/bin/python3 setup.py egg_info --egg-base ../../../../build/fastslam build --build-base /home/alan/FS-AI/build/fastslam/build install --record /home/alan/FS-AI/build/fastslam/install.log --single-version-externally-managed
