/home/alan/FS-AI/install/fastslam/lib/python3.8/site-packages/fastslam/algorithm.py
/home/alan/FS-AI/install/fastslam/lib/python3.8/site-packages/fastslam/input.py
/home/alan/FS-AI/install/fastslam/lib/python3.8/site-packages/fastslam/fast_slam2.py
/home/alan/FS-AI/install/fastslam/lib/python3.8/site-packages/fastslam/output.py
/home/alan/FS-AI/install/fastslam/lib/python3.8/site-packages/fastslam/__init__.py
/home/alan/FS-AI/install/fastslam/lib/python3.8/site-packages/fastslam/draw.py
/home/alan/FS-AI/install/fastslam/lib/python3.8/site-packages/fastslam/__pycache__/algorithm.cpython-38.pyc
/home/alan/FS-AI/install/fastslam/lib/python3.8/site-packages/fastslam/__pycache__/input.cpython-38.pyc
/home/alan/FS-AI/install/fastslam/lib/python3.8/site-packages/fastslam/__pycache__/fast_slam2.cpython-38.pyc
/home/alan/FS-AI/install/fastslam/lib/python3.8/site-packages/fastslam/__pycache__/output.cpython-38.pyc
/home/alan/FS-AI/install/fastslam/lib/python3.8/site-packages/fastslam/__pycache__/__init__.cpython-38.pyc
/home/alan/FS-AI/install/fastslam/lib/python3.8/site-packages/fastslam/__pycache__/draw.cpython-38.pyc
/home/alan/FS-AI/install/fastslam/share/ament_index/resource_index/packages/fastslam
/home/alan/FS-AI/install/fastslam/share/fastslam/package.xml
/home/alan/FS-AI/install/fastslam/lib/python3.8/site-packages/fastslam-0.0.0-py3.8.egg-info/entry_points.txt
/home/alan/FS-AI/install/fastslam/lib/python3.8/site-packages/fastslam-0.0.0-py3.8.egg-info/top_level.txt
/home/alan/FS-AI/install/fastslam/lib/python3.8/site-packages/fastslam-0.0.0-py3.8.egg-info/requires.txt
/home/alan/FS-AI/install/fastslam/lib/python3.8/site-packages/fastslam-0.0.0-py3.8.egg-info/zip-safe
/home/alan/FS-AI/install/fastslam/lib/python3.8/site-packages/fastslam-0.0.0-py3.8.egg-info/dependency_links.txt
/home/alan/FS-AI/install/fastslam/lib/python3.8/site-packages/fastslam-0.0.0-py3.8.egg-info/PKG-INFO
/home/alan/FS-AI/install/fastslam/lib/python3.8/site-packages/fastslam-0.0.0-py3.8.egg-info/SOURCES.txt
/home/alan/FS-AI/install/fastslam/lib/fastslam/fastslam
