[0.589s] Invoking command in '/home/alan/FS-AI/src/3_slam/src/fastslam': PYTHONPATH=/home/alan/FS-AI/build/fastslam/prefix_override:/home/alan/FS-AI/install/fastslam/lib/python3.8/site-packages:${PYTHONPATH} /usr/bin/python3 setup.py egg_info --egg-base ../../../../build/fastslam build --build-base /home/alan/FS-AI/build/fastslam/build install --record /home/alan/FS-AI/build/fastslam/install.log --single-version-externally-managed
[0.765s] running egg_info
[0.766s] writing ../../../../build/fastslam/fastslam.egg-info/PKG-INFO
[0.766s] writing dependency_links to ../../../../build/fastslam/fastslam.egg-info/dependency_links.txt
[0.766s] writing entry points to ../../../../build/fastslam/fastslam.egg-info/entry_points.txt
[0.766s] writing requirements to ../../../../build/fastslam/fastslam.egg-info/requires.txt
[0.766s] writing top-level names to ../../../../build/fastslam/fastslam.egg-info/top_level.txt
[0.793s] package init file 'fastslam/algoritmos/__init__.py' not found (or not a regular file)
[0.794s] reading manifest file '../../../../build/fastslam/fastslam.egg-info/SOURCES.txt'
[0.794s] writing manifest file '../../../../build/fastslam/fastslam.egg-info/SOURCES.txt'
[0.794s] running build
[0.795s] running build_py
[0.795s] copying fastslam/input.py -> /home/alan/FS-AI/build/fastslam/build/lib/fastslam
[0.795s] running install
[0.795s] running install_lib
[0.796s] copying /home/alan/FS-AI/build/fastslam/build/lib/fastslam/input.py -> /home/alan/FS-AI/install/fastslam/lib/python3.8/site-packages/fastslam
[0.797s] byte-compiling /home/alan/FS-AI/install/fastslam/lib/python3.8/site-packages/fastslam/input.py to input.cpython-38.pyc
[0.798s] running install_data
[0.798s] running install_egg_info
[0.799s] removing '/home/alan/FS-AI/install/fastslam/lib/python3.8/site-packages/fastslam-0.0.0-py3.8.egg-info' (and everything under it)
[0.800s] Copying ../../../../build/fastslam/fastslam.egg-info to /home/alan/FS-AI/install/fastslam/lib/python3.8/site-packages/fastslam-0.0.0-py3.8.egg-info
[0.800s] running install_scripts
[0.813s] Installing fastslam script to /home/alan/FS-AI/install/fastslam/lib/fastslam
[0.813s] writing list of installed files to '/home/alan/FS-AI/build/fastslam/install.log'
[0.835s] Invoked command in '/home/alan/FS-AI/src/3_slam/src/fastslam' returned '0': PYTHONPATH=/home/alan/FS-AI/build/fastslam/prefix_override:/home/alan/FS-AI/install/fastslam/lib/python3.8/site-packages:${PYTHONPATH} /usr/bin/python3 setup.py egg_info --egg-base ../../../../build/fastslam build --build-base /home/alan/FS-AI/build/fastslam/build install --record /home/alan/FS-AI/build/fastslam/install.log --single-version-externally-managed
