[0.617s] Invoking command in '/home/alan/FS-AI/src/3_slam/src/fastslam': PYTHONPATH=/home/alan/FS-AI/build/fastslam/prefix_override:/home/alan/FS-AI/install/fastslam/lib/python3.8/site-packages:${PYTHONPATH} /usr/bin/python3 setup.py egg_info --egg-base ../../../../build/fastslam build --build-base /home/alan/FS-AI/build/fastslam/build install --record /home/alan/FS-AI/build/fastslam/install.log --single-version-externally-managed
[0.822s] running egg_info
[0.822s] writing ../../../../build/fastslam/fastslam.egg-info/PKG-INFO
[0.823s] writing dependency_links to ../../../../build/fastslam/fastslam.egg-info/dependency_links.txt
[0.823s] writing entry points to ../../../../build/fastslam/fastslam.egg-info/entry_points.txt
[0.823s] writing requirements to ../../../../build/fastslam/fastslam.egg-info/requires.txt
[0.823s] writing top-level names to ../../../../build/fastslam/fastslam.egg-info/top_level.txt
[0.850s] package init file 'fastslam/algoritmos/__init__.py' not found (or not a regular file)
[0.850s] reading manifest file '../../../../build/fastslam/fastslam.egg-info/SOURCES.txt'
[0.851s] writing manifest file '../../../../build/fastslam/fastslam.egg-info/SOURCES.txt'
[0.851s] running build
[0.851s] running build_py
[0.851s] copying fastslam/input.py -> /home/alan/FS-AI/build/fastslam/build/lib/fastslam
[0.851s] creating /home/alan/FS-AI/build/fastslam/build/lib/fastslam/algoritmos
[0.852s] copying fastslam/algoritmos/algorithm.py -> /home/alan/FS-AI/build/fastslam/build/lib/fastslam/algoritmos
[0.852s] running install
[0.852s] running install_lib
[0.853s] copying /home/alan/FS-AI/build/fastslam/build/lib/fastslam/input.py -> /home/alan/FS-AI/install/fastslam/lib/python3.8/site-packages/fastslam
[0.853s] creating /home/alan/FS-AI/install/fastslam/lib/python3.8/site-packages/fastslam/algoritmos
[0.853s] copying /home/alan/FS-AI/build/fastslam/build/lib/fastslam/algoritmos/algorithm.py -> /home/alan/FS-AI/install/fastslam/lib/python3.8/site-packages/fastslam/algoritmos
[0.853s] byte-compiling /home/alan/FS-AI/install/fastslam/lib/python3.8/site-packages/fastslam/input.py to input.cpython-38.pyc
[0.854s] byte-compiling /home/alan/FS-AI/install/fastslam/lib/python3.8/site-packages/fastslam/algoritmos/algorithm.py to algorithm.cpython-38.pyc
[0.857s] running install_data
[0.857s] running install_egg_info
[0.858s] removing '/home/alan/FS-AI/install/fastslam/lib/python3.8/site-packages/fastslam-0.0.0-py3.8.egg-info' (and everything under it)
[0.859s] Copying ../../../../build/fastslam/fastslam.egg-info to /home/alan/FS-AI/install/fastslam/lib/python3.8/site-packages/fastslam-0.0.0-py3.8.egg-info
[0.859s] running install_scripts
[0.880s] Installing fastslam script to /home/alan/FS-AI/install/fastslam/lib/fastslam
[0.881s] writing list of installed files to '/home/alan/FS-AI/build/fastslam/install.log'
[0.909s] Invoked command in '/home/alan/FS-AI/src/3_slam/src/fastslam' returned '0': PYTHONPATH=/home/alan/FS-AI/build/fastslam/prefix_override:/home/alan/FS-AI/install/fastslam/lib/python3.8/site-packages:${PYTHONPATH} /usr/bin/python3 setup.py egg_info --egg-base ../../../../build/fastslam build --build-base /home/alan/FS-AI/build/fastslam/build install --record /home/alan/FS-AI/build/fastslam/install.log --single-version-externally-managed
